[2024-02-23 17:04:25.531 +08:00  INF]  User profile is available. Using 'C:\Users\LEGION\AppData\Local\ASP.NET\DataProtection-Keys' as key repository and Windows DPAPI to encrypt keys at rest.
[2024-02-23 17:04:26.041 +08:00  INF]  Now listening on: https://localhost:5001
[2024-02-23 17:04:26.041 +08:00  INF]  Now listening on: http://localhost:5085
[2024-02-23 17:04:26.044 +08:00  INF]  Application started. Press Ctrl+C to shut down.
[2024-02-23 17:04:26.045 +08:00  INF]  Hosting environment: Development
[2024-02-23 17:04:26.045 +08:00  INF]  Content root path: C:\Users\LEGION\Desktop\RebuildChat\ChatHubApi
[2024-02-23 17:04:29.968 +08:00  INF]  Request starting HTTP/2 GET https://localhost:5001/swagger/index.html - null null
[2024-02-23 17:04:30.224 +08:00  INF]  Request finished HTTP/2 GET https://localhost:5001/swagger/index.html - 200 null text/html;charset=utf-8 260.6511ms
[2024-02-23 17:04:30.230 +08:00  INF]  Request starting HTTP/2 GET https://localhost:5001/_framework/aspnetcore-browser-refresh.js - null null
[2024-02-23 17:04:30.235 +08:00  INF]  Request finished HTTP/2 GET https://localhost:5001/_framework/aspnetcore-browser-refresh.js - 200 13756 application/javascript; charset=utf-8 4.9446ms
[2024-02-23 17:04:30.883 +08:00  INF]  Request starting HTTP/2 GET https://localhost:5001/_vs/browserLink - null null
[2024-02-23 17:04:30.938 +08:00  INF]  Request finished HTTP/2 GET https://localhost:5001/_vs/browserLink - 200 null text/javascript; charset=UTF-8 54.5453ms
[2024-02-23 17:04:31.107 +08:00  INF]  Request starting HTTP/2 GET https://localhost:5001/swagger/v1/swagger.json - null null
[2024-02-23 17:04:31.291 +08:00  INF]  Request finished HTTP/2 GET https://localhost:5001/swagger/v1/swagger.json - 200 null application/json;charset=utf-8 183.3268ms
[2024-02-23 17:10:20.182 +08:00  INF]  User profile is available. Using 'C:\Users\LEGION\AppData\Local\ASP.NET\DataProtection-Keys' as key repository and Windows DPAPI to encrypt keys at rest.
[2024-02-23 17:10:20.629 +08:00  INF]  Now listening on: https://localhost:5001
[2024-02-23 17:10:20.630 +08:00  INF]  Now listening on: http://localhost:5085
[2024-02-23 17:10:20.634 +08:00  INF]  Application started. Press Ctrl+C to shut down.
[2024-02-23 17:10:20.636 +08:00  INF]  Hosting environment: Development
[2024-02-23 17:10:20.638 +08:00  INF]  Content root path: C:\Users\LEGION\Desktop\RebuildChat\ChatHubApi
[2024-02-23 17:10:24.443 +08:00  INF]  Request starting HTTP/2 GET https://localhost:5001/swagger/index.html - null null
[2024-02-23 17:10:24.715 +08:00  INF]  Request finished HTTP/2 GET https://localhost:5001/swagger/index.html - 200 null text/html;charset=utf-8 280.1686ms
[2024-02-23 17:10:24.735 +08:00  INF]  Request starting HTTP/2 GET https://localhost:5001/_framework/aspnetcore-browser-refresh.js - null null
[2024-02-23 17:10:24.747 +08:00  INF]  Request finished HTTP/2 GET https://localhost:5001/_framework/aspnetcore-browser-refresh.js - 200 13756 application/javascript; charset=utf-8 11.9886ms
[2024-02-23 17:10:25.444 +08:00  INF]  Request starting HTTP/2 GET https://localhost:5001/_vs/browserLink - null null
[2024-02-23 17:10:25.497 +08:00  INF]  Request finished HTTP/2 GET https://localhost:5001/_vs/browserLink - 200 null text/javascript; charset=UTF-8 53.2617ms
[2024-02-23 17:10:25.664 +08:00  INF]  Request starting HTTP/2 GET https://localhost:5001/swagger/v1/swagger.json - null null
[2024-02-23 17:10:25.797 +08:00  INF]  Request finished HTTP/2 GET https://localhost:5001/swagger/v1/swagger.json - 200 null application/json;charset=utf-8 133.9201ms
[2024-02-23 17:13:06.108 +08:00  INF]  Request starting HTTP/2 GET https://localhost:5001/User/QueryByUserName?targetname=wcy - null null
[2024-02-23 17:13:06.200 +08:00  INF]  Executing endpoint 'ChatHubApi.Controllers.AdminServices.User.UserController.QueryByUserName (ChatHubApi)'
[2024-02-23 17:13:06.220 +08:00  INF]  Route matched with {action = "QueryByUserName", controller = "User"}. Executing controller action with signature Microsoft.AspNetCore.Mvc.IActionResult QueryByUserName(System.String) on controller ChatHubApi.Controllers.AdminServices.User.UserController (ChatHubApi).
[2024-02-23 17:13:06.691 +08:00  INF]  Executing OkObjectResult, writing value of type 'ChatHubApi.System.Response'.
[2024-02-23 17:13:06.706 +08:00  INF]  Executed action ChatHubApi.Controllers.AdminServices.User.UserController.QueryByUserName (ChatHubApi) in 477.5686ms
[2024-02-23 17:13:06.710 +08:00  INF]  Executed endpoint 'ChatHubApi.Controllers.AdminServices.User.UserController.QueryByUserName (ChatHubApi)'
[2024-02-23 17:13:06.713 +08:00  INF]  Request finished HTTP/2 GET https://localhost:5001/User/QueryByUserName?targetname=wcy - 200 null application/json; charset=utf-8 605.9247ms
[2024-02-23 17:16:12.272 +08:00  INF]  User profile is available. Using 'C:\Users\LEGION\AppData\Local\ASP.NET\DataProtection-Keys' as key repository and Windows DPAPI to encrypt keys at rest.
[2024-02-23 17:16:12.752 +08:00  INF]  Now listening on: https://localhost:5001
[2024-02-23 17:16:12.756 +08:00  INF]  Now listening on: http://localhost:5085
[2024-02-23 17:16:12.761 +08:00  INF]  Application started. Press Ctrl+C to shut down.
[2024-02-23 17:16:12.764 +08:00  INF]  Hosting environment: Development
[2024-02-23 17:16:12.766 +08:00  INF]  Content root path: C:\Users\LEGION\Desktop\RebuildChat\ChatHubApi
[2024-02-23 17:16:13.224 +08:00  INF]  Request starting HTTP/2 GET https://localhost:5001/swagger/index.html - null null
[2024-02-23 17:16:13.503 +08:00  INF]  Request finished HTTP/2 GET https://localhost:5001/swagger/index.html - 200 null text/html;charset=utf-8 284.6177ms
[2024-02-23 17:16:13.513 +08:00  INF]  Request starting HTTP/2 GET https://localhost:5001/_framework/aspnetcore-browser-refresh.js - null null
[2024-02-23 17:16:13.525 +08:00  INF]  Request finished HTTP/2 GET https://localhost:5001/_framework/aspnetcore-browser-refresh.js - 200 13756 application/javascript; charset=utf-8 11.9746ms
[2024-02-23 17:16:14.184 +08:00  INF]  Request starting HTTP/2 GET https://localhost:5001/_vs/browserLink - null null
[2024-02-23 17:16:14.240 +08:00  INF]  Request finished HTTP/2 GET https://localhost:5001/_vs/browserLink - 200 null text/javascript; charset=UTF-8 56.0612ms
[2024-02-23 17:16:14.410 +08:00  INF]  Request starting HTTP/2 GET https://localhost:5001/swagger/v1/swagger.json - null null
[2024-02-23 17:16:14.557 +08:00  INF]  Request finished HTTP/2 GET https://localhost:5001/swagger/v1/swagger.json - 200 null application/json;charset=utf-8 148.0455ms
[2024-02-23 17:16:53.723 +08:00  INF]  User profile is available. Using 'C:\Users\LEGION\AppData\Local\ASP.NET\DataProtection-Keys' as key repository and Windows DPAPI to encrypt keys at rest.
[2024-02-23 17:16:54.135 +08:00  INF]  Now listening on: https://localhost:5001
[2024-02-23 17:16:54.138 +08:00  INF]  Now listening on: http://localhost:5085
[2024-02-23 17:16:54.141 +08:00  INF]  Application started. Press Ctrl+C to shut down.
[2024-02-23 17:16:54.144 +08:00  INF]  Hosting environment: Development
[2024-02-23 17:16:54.145 +08:00  INF]  Content root path: C:\Users\LEGION\Desktop\RebuildChat\ChatHubApi
[2024-02-23 17:16:57.880 +08:00  INF]  Request starting HTTP/2 GET https://localhost:5001/swagger/index.html - null null
[2024-02-23 17:16:58.141 +08:00  INF]  Request finished HTTP/2 GET https://localhost:5001/swagger/index.html - 200 null text/html;charset=utf-8 266.1287ms
[2024-02-23 17:16:58.148 +08:00  INF]  Request starting HTTP/2 GET https://localhost:5001/_framework/aspnetcore-browser-refresh.js - null null
[2024-02-23 17:16:58.159 +08:00  INF]  Request finished HTTP/2 GET https://localhost:5001/_framework/aspnetcore-browser-refresh.js - 200 13756 application/javascript; charset=utf-8 11.2204ms
[2024-02-23 17:16:58.875 +08:00  INF]  Request starting HTTP/2 GET https://localhost:5001/_vs/browserLink - null null
[2024-02-23 17:16:58.932 +08:00  INF]  Request finished HTTP/2 GET https://localhost:5001/_vs/browserLink - 200 null text/javascript; charset=UTF-8 56.8865ms
[2024-02-23 17:16:59.109 +08:00  INF]  Request starting HTTP/2 GET https://localhost:5001/swagger/v1/swagger.json - null null
[2024-02-23 17:16:59.274 +08:00  INF]  Request finished HTTP/2 GET https://localhost:5001/swagger/v1/swagger.json - 200 null application/json;charset=utf-8 165.2083ms
[2024-02-23 17:17:40.034 +08:00  INF]  User profile is available. Using 'C:\Users\LEGION\AppData\Local\ASP.NET\DataProtection-Keys' as key repository and Windows DPAPI to encrypt keys at rest.
[2024-02-23 17:17:40.512 +08:00  INF]  Now listening on: https://localhost:5001
[2024-02-23 17:17:40.515 +08:00  INF]  Now listening on: http://localhost:5085
[2024-02-23 17:17:40.519 +08:00  INF]  Application started. Press Ctrl+C to shut down.
[2024-02-23 17:17:40.521 +08:00  INF]  Hosting environment: Development
[2024-02-23 17:17:40.522 +08:00  INF]  Content root path: C:\Users\LEGION\Desktop\RebuildChat\ChatHubApi
[2024-02-23 17:17:41.054 +08:00  INF]  Request starting HTTP/2 GET https://localhost:5001/swagger/index.html - null null
[2024-02-23 17:17:41.323 +08:00  INF]  Request finished HTTP/2 GET https://localhost:5001/swagger/index.html - 200 null text/html;charset=utf-8 274.1068ms
[2024-02-23 17:17:41.331 +08:00  INF]  Request starting HTTP/2 GET https://localhost:5001/_framework/aspnetcore-browser-refresh.js - null null
[2024-02-23 17:17:41.342 +08:00  INF]  Request finished HTTP/2 GET https://localhost:5001/_framework/aspnetcore-browser-refresh.js - 200 13756 application/javascript; charset=utf-8 11.3138ms
[2024-02-23 17:17:41.988 +08:00  INF]  Request starting HTTP/2 GET https://localhost:5001/_vs/browserLink - null null
[2024-02-23 17:17:42.045 +08:00  INF]  Request finished HTTP/2 GET https://localhost:5001/_vs/browserLink - 200 null text/javascript; charset=UTF-8 56.8958ms
[2024-02-23 17:17:42.210 +08:00  INF]  Request starting HTTP/2 GET https://localhost:5001/swagger/v1/swagger.json - null null
[2024-02-23 17:17:42.360 +08:00  INF]  Request finished HTTP/2 GET https://localhost:5001/swagger/v1/swagger.json - 200 null application/json;charset=utf-8 150.3766ms
[2024-02-23 18:14:40.989 +08:00  DBG]  Registered model binder providers, in the following order: ["Microsoft.AspNetCore.Mvc.ModelBinding.Binders.BinderTypeModelBinderProvider","Microsoft.AspNetCore.Mvc.ModelBinding.Binders.ServicesModelBinderProvider","Microsoft.AspNetCore.Mvc.ModelBinding.Binders.BodyModelBinderProvider","Microsoft.AspNetCore.Mvc.ModelBinding.Binders.HeaderModelBinderProvider","Microsoft.AspNetCore.Mvc.ModelBinding.Binders.FloatingPointTypeModelBinderProvider","Microsoft.AspNetCore.Mvc.ModelBinding.Binders.EnumTypeModelBinderProvider","Microsoft.AspNetCore.Mvc.ModelBinding.Binders.DateTimeModelBinderProvider","Microsoft.AspNetCore.Mvc.ModelBinding.Binders.SimpleTypeModelBinderProvider","Microsoft.AspNetCore.Mvc.ModelBinding.Binders.TryParseModelBinderProvider","Microsoft.AspNetCore.Mvc.ModelBinding.Binders.CancellationTokenModelBinderProvider","Microsoft.AspNetCore.Mvc.ModelBinding.Binders.ByteArrayModelBinderProvider","Microsoft.AspNetCore.Mvc.ModelBinding.Binders.FormFileModelBinderProvider","Microsoft.AspNetCore.Mvc.ModelBinding.Binders.FormCollectionModelBinderProvider","Microsoft.AspNetCore.Mvc.ModelBinding.Binders.KeyValuePairModelBinderProvider","Microsoft.AspNetCore.Mvc.ModelBinding.Binders.DictionaryModelBinderProvider","Microsoft.AspNetCore.Mvc.ModelBinding.Binders.ArrayModelBinderProvider","Microsoft.AspNetCore.Mvc.ModelBinding.Binders.CollectionModelBinderProvider","Microsoft.AspNetCore.Mvc.ModelBinding.Binders.ComplexObjectModelBinderProvider"]
[2024-02-23 18:14:41.200 +08:00  DBG]  Registered SignalR Protocol: json, implemented by Microsoft.AspNetCore.SignalR.Protocol.JsonHubProtocol.
[2024-02-23 18:14:41.250 +08:00  DBG]  Hosting starting
[2024-02-23 18:14:41.289 +08:00  INF]  User profile is available. Using 'C:\Users\LEGION\AppData\Local\ASP.NET\DataProtection-Keys' as key repository and Windows DPAPI to encrypt keys at rest.
[2024-02-23 18:14:41.300 +08:00  DBG]  Reading data from file 'C:\Users\LEGION\AppData\Local\ASP.NET\DataProtection-Keys\key-ccdf4ff9-69b2-4ddf-9dd5-3607c46715b4.xml'.
[2024-02-23 18:14:41.309 +08:00  DBG]  Reading data from file 'C:\Users\LEGION\AppData\Local\ASP.NET\DataProtection-Keys\key-e1be648e-e9d7-47e8-91c0-e363a3adf397.xml'.
[2024-02-23 18:14:41.326 +08:00  DBG]  Found key {ccdf4ff9-69b2-4ddf-9dd5-3607c46715b4}.
[2024-02-23 18:14:41.333 +08:00  DBG]  Found key {e1be648e-e9d7-47e8-91c0-e363a3adf397}.
[2024-02-23 18:14:41.345 +08:00  DBG]  Considering key {ccdf4ff9-69b2-4ddf-9dd5-3607c46715b4} with expiration date 2024-03-28 09:19:58Z as default key.
[2024-02-23 18:14:41.352 +08:00  DBG]  Forwarded activator type request from Microsoft.AspNetCore.DataProtection.XmlEncryption.DpapiXmlDecryptor, Microsoft.AspNetCore.DataProtection, Version=6.0.0.0, Culture=neutral, PublicKeyToken=adb9793829ddae60 to Microsoft.AspNetCore.DataProtection.XmlEncryption.DpapiXmlDecryptor, Microsoft.AspNetCore.DataProtection, Culture=neutral, PublicKeyToken=adb9793829ddae60
[2024-02-23 18:14:41.361 +08:00  DBG]  Decrypting secret element using Windows DPAPI.
[2024-02-23 18:14:41.366 +08:00  DBG]  Forwarded activator type request from Microsoft.AspNetCore.DataProtection.AuthenticatedEncryption.ConfigurationModel.AuthenticatedEncryptorDescriptorDeserializer, Microsoft.AspNetCore.DataProtection, Version=6.0.0.0, Culture=neutral, PublicKeyToken=adb9793829ddae60 to Microsoft.AspNetCore.DataProtection.AuthenticatedEncryption.ConfigurationModel.AuthenticatedEncryptorDescriptorDeserializer, Microsoft.AspNetCore.DataProtection, Culture=neutral, PublicKeyToken=adb9793829ddae60
[2024-02-23 18:14:41.375 +08:00  DBG]  Opening CNG algorithm 'AES' from provider 'null' with chaining mode CBC.
[2024-02-23 18:14:41.380 +08:00  DBG]  Opening CNG algorithm 'SHA256' from provider 'null' with HMAC.
[2024-02-23 18:14:41.388 +08:00  DBG]  Using key {ccdf4ff9-69b2-4ddf-9dd5-3607c46715b4} as the default key.
[2024-02-23 18:14:41.392 +08:00  DBG]  Key ring with default key {ccdf4ff9-69b2-4ddf-9dd5-3607c46715b4} was loaded during application startup.
[2024-02-23 18:14:41.733 +08:00  INF]  Now listening on: https://localhost:5001
[2024-02-23 18:14:41.735 +08:00  INF]  Now listening on: http://localhost:5085
[2024-02-23 18:14:41.737 +08:00  DBG]  Loaded hosting startup assembly ChatHubApi
[2024-02-23 18:14:41.739 +08:00  DBG]  Loaded hosting startup assembly Microsoft.AspNetCore.Watch.BrowserRefresh
[2024-02-23 18:14:41.741 +08:00  DBG]  Loaded hosting startup assembly Microsoft.WebTools.BrowserLink.Net
[2024-02-23 18:14:41.743 +08:00  INF]  Application started. Press Ctrl+C to shut down.
[2024-02-23 18:14:41.744 +08:00  INF]  Hosting environment: Development
[2024-02-23 18:14:41.747 +08:00  INF]  Content root path: C:\Users\LEGION\Desktop\RebuildChat\ChatHubApi
[2024-02-23 18:14:41.751 +08:00  DBG]  Hosting started
[2024-02-23 18:14:41.891 +08:00  DBG]  Connection id "0HN1KB103F1DP" received FIN.
[2024-02-23 18:14:41.891 +08:00  DBG]  Connection id "0HN1KB103F1DQ" received FIN.
[2024-02-23 18:14:41.910 +08:00  DBG]  Connection id "0HN1KB103F1DP" accepted.
[2024-02-23 18:14:41.911 +08:00  DBG]  Connection id "0HN1KB103F1DQ" accepted.
[2024-02-23 18:14:41.915 +08:00  DBG]  Connection id "0HN1KB103F1DP" started.
[2024-02-23 18:14:41.953 +08:00  DBG]  Connection id "0HN1KB103F1DQ" started.
[2024-02-23 18:14:41.971 +08:00  DBG]  Failed to authenticate HTTPS connection.
System.IO.IOException: Received an unexpected EOF or 0 bytes from the transport stream.
   at System.Net.Security.SslStream.ReceiveHandshakeFrameAsync[TIOAdapter](CancellationToken cancellationToken)
   at System.Net.Security.SslStream.ForceAuthenticationAsync[TIOAdapter](Boolean receiveFirst, Byte[] reAuthenticationData, CancellationToken cancellationToken)
   at System.Net.Security.SslStream.ProcessAuthenticationWithTelemetryAsync(Boolean isAsync, CancellationToken cancellationToken)
   at Microsoft.AspNetCore.Server.Kestrel.Https.Internal.HttpsConnectionMiddleware.OnConnectionAsync(ConnectionContext context)
[2024-02-23 18:14:41.971 +08:00  DBG]  Failed to authenticate HTTPS connection.
System.IO.IOException: Received an unexpected EOF or 0 bytes from the transport stream.
   at System.Net.Security.SslStream.ReceiveHandshakeFrameAsync[TIOAdapter](CancellationToken cancellationToken)
   at System.Net.Security.SslStream.ForceAuthenticationAsync[TIOAdapter](Boolean receiveFirst, Byte[] reAuthenticationData, CancellationToken cancellationToken)
   at System.Net.Security.SslStream.ProcessAuthenticationWithTelemetryAsync(Boolean isAsync, CancellationToken cancellationToken)
   at Microsoft.AspNetCore.Server.Kestrel.Https.Internal.HttpsConnectionMiddleware.OnConnectionAsync(ConnectionContext context)
[2024-02-23 18:14:42.064 +08:00  DBG]  Connection id "0HN1KB103F1DP" stopped.
[2024-02-23 18:14:42.067 +08:00  DBG]  Connection id "0HN1KB103F1DQ" stopped.
[2024-02-23 18:14:42.076 +08:00  DBG]  Connection id "0HN1KB103F1DP" sending FIN because: "The Socket transport's send loop completed gracefully."
[2024-02-23 18:14:42.077 +08:00  DBG]  Connection id "0HN1KB103F1DQ" sending FIN because: "The Socket transport's send loop completed gracefully."
[2024-02-23 18:14:42.207 +08:00  DBG]  Connection id "0HN1KB103F1DR" accepted.
[2024-02-23 18:14:42.210 +08:00  DBG]  Connection id "0HN1KB103F1DR" started.
[2024-02-23 18:14:42.273 +08:00  DBG]  Connection 0HN1KB103F1DR established using the following protocol: "Tls13"
[2024-02-23 18:14:42.349 +08:00  INF]  Request starting HTTP/2 GET https://localhost:5001/swagger/index.html - null null
[2024-02-23 18:14:42.603 +08:00  DBG]  Wildcard detected, all requests with hosts will be allowed.
[2024-02-23 18:14:42.630 +08:00  DBG]  No candidates found for the request path '/swagger/index.html'
[2024-02-23 18:14:42.633 +08:00  DBG]  Request did not match any endpoints
[2024-02-23 18:14:42.729 +08:00  DBG]  Response markup is scheduled to include browser refresh script injection.
[2024-02-23 18:14:42.752 +08:00  DBG]  Response markup was updated to include browser refresh script injection.
[2024-02-23 18:14:42.758 +08:00  INF]  Request finished HTTP/2 GET https://localhost:5001/swagger/index.html - 200 null text/html;charset=utf-8 414.6669ms
[2024-02-23 18:14:42.783 +08:00  INF]  Request starting HTTP/2 GET https://localhost:5001/_framework/aspnetcore-browser-refresh.js - null null
[2024-02-23 18:14:42.797 +08:00  INF]  Request finished HTTP/2 GET https://localhost:5001/_framework/aspnetcore-browser-refresh.js - 200 13756 application/javascript; charset=utf-8 14.513ms
[2024-02-23 18:14:43.565 +08:00  INF]  Request starting HTTP/2 GET https://localhost:5001/_vs/browserLink - null null
[2024-02-23 18:14:43.630 +08:00  INF]  Request finished HTTP/2 GET https://localhost:5001/_vs/browserLink - 200 null text/javascript; charset=UTF-8 65.8383ms
[2024-02-23 18:14:43.748 +08:00  INF]  Request starting HTTP/2 GET https://localhost:5001/swagger/v1/swagger.json - null null
[2024-02-23 18:14:43.755 +08:00  DBG]  No candidates found for the request path '/swagger/v1/swagger.json'
[2024-02-23 18:14:43.758 +08:00  DBG]  Request did not match any endpoints
[2024-02-23 18:14:43.916 +08:00  INF]  Request finished HTTP/2 GET https://localhost:5001/swagger/v1/swagger.json - 200 null application/json;charset=utf-8 168.0107ms
[2024-02-23 18:23:09.859 +08:00  INF]  User profile is available. Using 'C:\Users\LEGION\AppData\Local\ASP.NET\DataProtection-Keys' as key repository and Windows DPAPI to encrypt keys at rest.
[2024-02-23 18:23:10.311 +08:00  INF]  Now listening on: https://localhost:5001
[2024-02-23 18:23:10.313 +08:00  INF]  Now listening on: http://localhost:5085
[2024-02-23 18:23:10.320 +08:00  INF]  Application started. Press Ctrl+C to shut down.
[2024-02-23 18:23:10.322 +08:00  INF]  Hosting environment: Development
[2024-02-23 18:23:10.325 +08:00  INF]  Content root path: C:\Users\LEGION\Desktop\RebuildChat\ChatHubApi
[2024-02-23 18:23:10.740 +08:00  INF]  Request starting HTTP/2 GET https://localhost:5001/swagger/index.html - null null
[2024-02-23 18:23:11.179 +08:00  INF]  Request finished HTTP/2 GET https://localhost:5001/swagger/index.html - 200 null text/html;charset=utf-8 444.063ms
[2024-02-23 18:23:11.974 +08:00  INF]  Request starting HTTP/2 GET https://localhost:5001/_framework/aspnetcore-browser-refresh.js - null null
[2024-02-23 18:23:11.974 +08:00  INF]  Request starting HTTP/2 GET https://localhost:5001/_vs/browserLink - null null
[2024-02-23 18:23:11.985 +08:00  INF]  Request finished HTTP/2 GET https://localhost:5001/_framework/aspnetcore-browser-refresh.js - 200 13756 application/javascript; charset=utf-8 11.8836ms
[2024-02-23 18:23:12.037 +08:00  INF]  Request finished HTTP/2 GET https://localhost:5001/_vs/browserLink - 200 null text/javascript; charset=UTF-8 62.8605ms
[2024-02-23 18:23:12.181 +08:00  INF]  Request starting HTTP/2 GET https://localhost:5001/swagger/v1/swagger.json - null null
[2024-02-23 18:23:12.342 +08:00  INF]  Request finished HTTP/2 GET https://localhost:5001/swagger/v1/swagger.json - 200 null application/json;charset=utf-8 161.5601ms
[2024-02-23 18:24:24.337 +08:00  INF]  Request starting HTTP/2 GET https://localhost:5001/User/QueryByUserName?targetname=wcy - null null
[2024-02-23 18:24:24.419 +08:00  INF]  Executing endpoint 'ChatHubApi.Controllers.AdminServices.User.UserController.QueryByUserName (ChatHubApi)'
[2024-02-23 18:24:24.440 +08:00  INF]  Route matched with {action = "QueryByUserName", controller = "User"}. Executing controller action with signature Microsoft.AspNetCore.Mvc.IActionResult QueryByUserName(System.String) on controller ChatHubApi.Controllers.AdminServices.User.UserController (ChatHubApi).
[2024-02-23 18:24:24.906 +08:00  INF]  aw
[2024-02-23 18:24:24.928 +08:00  INF]  Executing OkObjectResult, writing value of type 'ChatHubApi.System.Response'.
[2024-02-23 18:24:24.951 +08:00  INF]  Executed action ChatHubApi.Controllers.AdminServices.User.UserController.QueryByUserName (ChatHubApi) in 492.8483ms
[2024-02-23 18:24:24.955 +08:00  INF]  Executed endpoint 'ChatHubApi.Controllers.AdminServices.User.UserController.QueryByUserName (ChatHubApi)'
[2024-02-23 18:24:24.958 +08:00  INF]  Request finished HTTP/2 GET https://localhost:5001/User/QueryByUserName?targetname=wcy - 200 null application/json; charset=utf-8 624.575ms
[2024-02-23 18:25:32.040 +08:00  INF]  User profile is available. Using 'C:\Users\LEGION\AppData\Local\ASP.NET\DataProtection-Keys' as key repository and Windows DPAPI to encrypt keys at rest.
[2024-02-23 18:25:32.448 +08:00  INF]  Now listening on: https://localhost:5001
[2024-02-23 18:25:32.450 +08:00  INF]  Now listening on: http://localhost:5085
[2024-02-23 18:25:32.454 +08:00  INF]  Application started. Press Ctrl+C to shut down.
[2024-02-23 18:25:32.456 +08:00  INF]  Hosting environment: Development
[2024-02-23 18:25:32.458 +08:00  INF]  Content root path: C:\Users\LEGION\Desktop\RebuildChat\ChatHubApi
[2024-02-23 18:25:34.975 +08:00  INF]  Request starting HTTP/2 GET https://localhost:5001/swagger/index.html - null null
[2024-02-23 18:25:35.360 +08:00  INF]  Request finished HTTP/2 GET https://localhost:5001/swagger/index.html - 200 null text/html;charset=utf-8 395.2179ms
[2024-02-23 18:25:35.365 +08:00  INF]  Request starting HTTP/2 GET https://localhost:5001/_framework/aspnetcore-browser-refresh.js - null null
[2024-02-23 18:25:35.376 +08:00  INF]  Request finished HTTP/2 GET https://localhost:5001/_framework/aspnetcore-browser-refresh.js - 200 13756 application/javascript; charset=utf-8 11.7227ms
[2024-02-23 18:25:36.008 +08:00  INF]  Request starting HTTP/2 GET https://localhost:5001/_vs/browserLink - null null
[2024-02-23 18:25:36.054 +08:00  INF]  Request finished HTTP/2 GET https://localhost:5001/_vs/browserLink - 200 null text/javascript; charset=UTF-8 46.4685ms
[2024-02-23 18:25:36.224 +08:00  INF]  Request starting HTTP/2 GET https://localhost:5001/swagger/v1/swagger.json - null null
[2024-02-23 18:25:36.366 +08:00  INF]  Request finished HTTP/2 GET https://localhost:5001/swagger/v1/swagger.json - 200 null application/json;charset=utf-8 142.1079ms
[2024-02-23 18:33:15.360 +08:00  INF]  User profile is available. Using 'C:\Users\LEGION\AppData\Local\ASP.NET\DataProtection-Keys' as key repository and Windows DPAPI to encrypt keys at rest.
[2024-02-23 18:33:15.912 +08:00  INF]  Now listening on: https://localhost:5001
[2024-02-23 18:33:15.914 +08:00  INF]  Now listening on: http://localhost:5085
[2024-02-23 18:33:15.918 +08:00  INF]  Application started. Press Ctrl+C to shut down.
[2024-02-23 18:33:15.921 +08:00  INF]  Hosting environment: Development
[2024-02-23 18:33:15.923 +08:00  INF]  Content root path: C:\Users\LEGION\Desktop\RebuildChat\ChatHubApi
[2024-02-23 18:33:16.442 +08:00  INF]  Request starting HTTP/2 GET https://localhost:5001/swagger/index.html - null null
[2024-02-23 18:33:16.827 +08:00  INF]  Request finished HTTP/2 GET https://localhost:5001/swagger/index.html - 200 null text/html;charset=utf-8 390.1985ms
[2024-02-23 18:33:17.566 +08:00  INF]  Request starting HTTP/2 GET https://localhost:5001/_vs/browserLink - null null
[2024-02-23 18:33:17.566 +08:00  INF]  Request starting HTTP/2 GET https://localhost:5001/_framework/aspnetcore-browser-refresh.js - null null
[2024-02-23 18:33:17.593 +08:00  INF]  Request finished HTTP/2 GET https://localhost:5001/_framework/aspnetcore-browser-refresh.js - 200 13756 application/javascript; charset=utf-8 26.6134ms
[2024-02-23 18:33:17.629 +08:00  INF]  Request finished HTTP/2 GET https://localhost:5001/_vs/browserLink - 200 null text/javascript; charset=UTF-8 62.8587ms
[2024-02-23 18:33:17.763 +08:00  INF]  Request starting HTTP/2 GET https://localhost:5001/swagger/v1/swagger.json - null null
[2024-02-23 18:33:17.943 +08:00  INF]  Request finished HTTP/2 GET https://localhost:5001/swagger/v1/swagger.json - 200 null application/json;charset=utf-8 180.2543ms
[2024-02-23 18:33:50.772 +08:00  INF]  User profile is available. Using 'C:\Users\LEGION\AppData\Local\ASP.NET\DataProtection-Keys' as key repository and Windows DPAPI to encrypt keys at rest.
[2024-02-23 18:33:51.391 +08:00  INF]  Now listening on: https://localhost:5001
[2024-02-23 18:33:51.394 +08:00  INF]  Now listening on: http://localhost:5085
[2024-02-23 18:33:51.398 +08:00  INF]  Application started. Press Ctrl+C to shut down.
[2024-02-23 18:33:51.400 +08:00  INF]  Hosting environment: Development
[2024-02-23 18:33:51.403 +08:00  INF]  Content root path: C:\Users\LEGION\Desktop\RebuildChat\ChatHubApi
[2024-02-23 18:33:54.777 +08:00  INF]  Request starting HTTP/2 GET https://localhost:5001/swagger/index.html - null null
[2024-02-23 18:33:55.144 +08:00  INF]  Request finished HTTP/2 GET https://localhost:5001/swagger/index.html - 200 null text/html;charset=utf-8 372.5761ms
[2024-02-23 18:33:55.156 +08:00  INF]  Request starting HTTP/2 GET https://localhost:5001/_framework/aspnetcore-browser-refresh.js - null null
[2024-02-23 18:33:55.166 +08:00  INF]  Request finished HTTP/2 GET https://localhost:5001/_framework/aspnetcore-browser-refresh.js - 200 13756 application/javascript; charset=utf-8 9.9736ms
[2024-02-23 18:33:55.809 +08:00  INF]  Request starting HTTP/2 GET https://localhost:5001/_vs/browserLink - null null
[2024-02-23 18:33:55.861 +08:00  INF]  Request finished HTTP/2 GET https://localhost:5001/_vs/browserLink - 200 null text/javascript; charset=UTF-8 51.92ms
[2024-02-23 18:33:56.510 +08:00  INF]  Request starting HTTP/2 GET https://localhost:5001/swagger/v1/swagger.json - null null
[2024-02-23 18:33:56.665 +08:00  INF]  Request finished HTTP/2 GET https://localhost:5001/swagger/v1/swagger.json - 200 null application/json;charset=utf-8 155.3476ms
[2024-02-23 18:34:09.619 +08:00  INF]  Request starting HTTP/2 GET https://localhost:5001/User/QueryByUserName?targetname=wcy - null null
[2024-02-23 18:34:09.688 +08:00  INF]  Executing endpoint 'ChatHubApi.Controllers.AdminServices.User.UserController.QueryByUserName (ChatHubApi)'
[2024-02-23 18:34:09.707 +08:00  INF]  Route matched with {action = "QueryByUserName", controller = "User"}. Executing controller action with signature Microsoft.AspNetCore.Mvc.IActionResult QueryByUserName(System.String) on controller ChatHubApi.Controllers.AdminServices.User.UserController (ChatHubApi).
[2024-02-23 18:34:10.186 +08:00  INF]  |\   ____\|\  \|\  \|\   __  \|\___   ___\\  \|\  \|\  \|\  \|\   __  \                                                              
\ \  \___|\ \  \\\  \ \  \|\  \|___ \  \_\ \  \\\  \ \  \\\  \ \  \|\ /_                                                             
 \ \  \    \ \   __  \ \   __  \   \ \  \ \ \   __  \ \  \\\  \ \   __  \                                                            
  \ \  \____\ \  \ \  \ \  \ \  \   \ \  \ \ \  \ \  \ \  \\\  \ \  \|\  \                                                           
   \ \_______\ \__\ \__\ \__\ \__\   \ \__\ \ \__\ \__\ \_______\ \_______\                                                          
    \|_______|\|__|\|__|\|__|\|__|    \|__|  \|__|\|__|\|_______|\|_______|                                                          
                                                                                                                                     
                                                                                                                                     
                                                                                                                                     
 ________  ________  ___       __   _______   ________          ________      ___    ___      ___       ___  ________   ________     
|\   __  \|\   __  \|\  \     |\  \|\  ___ \ |\   __  \        |\   __  \    |\  \  /  /|    |\  \     |\  \|\   ___  \|\   ____\    
\ \  \|\  \ \  \|\  \ \  \    \ \  \ \   __/|\ \  \|\  \       \ \  \|\ /_   \ \  \/  / /    \ \  \    \ \  \ \  \\ \  \ \  \___|    
 \ \   ____\ \  \\\  \ \  \  __\ \  \ \  \_|/_\ \   _  _\       \ \   __  \   \ \    / /      \ \  \    \ \  \ \  \\ \  \ \  \  ___  
  \ \  \___|\ \  \\\  \ \  \|\__\_\  \ \  \_|\ \ \  \\  \|       \ \  \|\  \   \/  /  /        \ \  \____\ \  \ \  \\ \  \ \  \|\  \ 
   \ \__\    \ \_______\ \____________\ \_______\ \__\\ _\        \ \_______\__/  / /           \ \_______\ \__\ \__\\ \__\ \_______\
    \|__|     \|_______|\|____________|\|_______|\|__|\|__|        \|_______|\___/ /             \|_______|\|__|\|__| \|__|\|_______|
[2024-02-23 18:34:10.211 +08:00  INF]  Executing OkObjectResult, writing value of type 'ChatHubApi.System.Response'.
[2024-02-23 18:34:10.228 +08:00  INF]  Executed action ChatHubApi.Controllers.AdminServices.User.UserController.QueryByUserName (ChatHubApi) in 511.73ms
[2024-02-23 18:34:10.231 +08:00  INF]  Executed endpoint 'ChatHubApi.Controllers.AdminServices.User.UserController.QueryByUserName (ChatHubApi)'
[2024-02-23 18:34:10.233 +08:00  INF]  Request finished HTTP/2 GET https://localhost:5001/User/QueryByUserName?targetname=wcy - 200 null application/json; charset=utf-8 614.8795ms
[2024-02-23 18:34:42.231 +08:00  INF]  User profile is available. Using 'C:\Users\LEGION\AppData\Local\ASP.NET\DataProtection-Keys' as key repository and Windows DPAPI to encrypt keys at rest.
[2024-02-23 18:34:42.672 +08:00  INF]  Now listening on: https://localhost:5001
[2024-02-23 18:34:42.675 +08:00  INF]  Now listening on: http://localhost:5085
[2024-02-23 18:34:42.680 +08:00  INF]  Application started. Press Ctrl+C to shut down.
[2024-02-23 18:34:42.684 +08:00  INF]  Hosting environment: Development
[2024-02-23 18:34:42.685 +08:00  INF]  Content root path: C:\Users\LEGION\Desktop\RebuildChat\ChatHubApi
[2024-02-23 18:34:43.180 +08:00  INF]  Request starting HTTP/2 GET https://localhost:5001/swagger/index.html - null null
[2024-02-23 18:34:43.547 +08:00  INF]  Request finished HTTP/2 GET https://localhost:5001/swagger/index.html - 200 null text/html;charset=utf-8 373.0212ms
[2024-02-23 18:34:44.202 +08:00  INF]  Request starting HTTP/2 GET https://localhost:5001/_framework/aspnetcore-browser-refresh.js - null null
[2024-02-23 18:34:44.202 +08:00  INF]  Request starting HTTP/2 GET https://localhost:5001/_vs/browserLink - null null
[2024-02-23 18:34:44.212 +08:00  INF]  Request finished HTTP/2 GET https://localhost:5001/_framework/aspnetcore-browser-refresh.js - 200 13756 application/javascript; charset=utf-8 10.6371ms
[2024-02-23 18:34:44.258 +08:00  INF]  Request finished HTTP/2 GET https://localhost:5001/_vs/browserLink - 200 null text/javascript; charset=UTF-8 56.6188ms
[2024-02-23 18:34:44.401 +08:00  INF]  Request starting HTTP/2 GET https://localhost:5001/swagger/v1/swagger.json - null null
[2024-02-23 18:34:44.546 +08:00  INF]  Request finished HTTP/2 GET https://localhost:5001/swagger/v1/swagger.json - 200 null application/json;charset=utf-8 145.6438ms
[2024-02-23 18:34:49.943 +08:00  INF]  Request starting HTTP/2 GET https://localhost:5001/User/QueryByUserName?targetname=wcy - null null
[2024-02-23 18:34:50.006 +08:00  INF]  Executing endpoint 'ChatHubApi.Controllers.AdminServices.User.UserController.QueryByUserName (ChatHubApi)'
[2024-02-23 18:34:50.027 +08:00  INF]  Route matched with {action = "QueryByUserName", controller = "User"}. Executing controller action with signature Microsoft.AspNetCore.Mvc.IActionResult QueryByUserName(System.String) on controller ChatHubApi.Controllers.AdminServices.User.UserController (ChatHubApi).
[2024-02-23 18:34:50.452 +08:00  INF]  
|\   ____\|\  \|\  \|\   __  \|\___   ___\\  \|\  \|\  \|\  \|\   __  \                                                              
\ \  \___|\ \  \\\  \ \  \|\  \|___ \  \_\ \  \\\  \ \  \\\  \ \  \|\ /_                                                             
 \ \  \    \ \   __  \ \   __  \   \ \  \ \ \   __  \ \  \\\  \ \   __  \                                                            
  \ \  \____\ \  \ \  \ \  \ \  \   \ \  \ \ \  \ \  \ \  \\\  \ \  \|\  \                                                           
   \ \_______\ \__\ \__\ \__\ \__\   \ \__\ \ \__\ \__\ \_______\ \_______\                                                          
    \|_______|\|__|\|__|\|__|\|__|    \|__|  \|__|\|__|\|_______|\|_______|                                                          
                                                                                                                                     
                                                                                                                                     
                                                                                                                                     
 ________  ________  ___       __   _______   ________          ________      ___    ___      ___       ___  ________   ________     
|\   __  \|\   __  \|\  \     |\  \|\  ___ \ |\   __  \        |\   __  \    |\  \  /  /|    |\  \     |\  \|\   ___  \|\   ____\    
\ \  \|\  \ \  \|\  \ \  \    \ \  \ \   __/|\ \  \|\  \       \ \  \|\ /_   \ \  \/  / /    \ \  \    \ \  \ \  \\ \  \ \  \___|    
 \ \   ____\ \  \\\  \ \  \  __\ \  \ \  \_|/_\ \   _  _\       \ \   __  \   \ \    / /      \ \  \    \ \  \ \  \\ \  \ \  \  ___  
  \ \  \___|\ \  \\\  \ \  \|\__\_\  \ \  \_|\ \ \  \\  \|       \ \  \|\  \   \/  /  /        \ \  \____\ \  \ \  \\ \  \ \  \|\  \ 
   \ \__\    \ \_______\ \____________\ \_______\ \__\\ _\        \ \_______\__/  / /           \ \_______\ \__\ \__\\ \__\ \_______\
    \|__|     \|_______|\|____________|\|_______|\|__|\|__|        \|_______|\___/ /             \|_______|\|__|\|__| \|__|\|_______|
[2024-02-23 18:34:50.479 +08:00  INF]  Executing OkObjectResult, writing value of type 'ChatHubApi.System.Response'.
[2024-02-23 18:34:50.492 +08:00  INF]  Executed action ChatHubApi.Controllers.AdminServices.User.UserController.QueryByUserName (ChatHubApi) in 455.0979ms
[2024-02-23 18:34:50.495 +08:00  INF]  Executed endpoint 'ChatHubApi.Controllers.AdminServices.User.UserController.QueryByUserName (ChatHubApi)'
[2024-02-23 18:34:50.500 +08:00  INF]  Request finished HTTP/2 GET https://localhost:5001/User/QueryByUserName?targetname=wcy - 200 null application/json; charset=utf-8 557.4033ms
[2024-02-23 18:56:12.326 +08:00  INF]  User profile is available. Using 'C:\Users\LEGION\AppData\Local\ASP.NET\DataProtection-Keys' as key repository and Windows DPAPI to encrypt keys at rest.
[2024-02-23 18:56:12.793 +08:00  INF]  Now listening on: https://localhost:5001
[2024-02-23 18:56:12.796 +08:00  INF]  Now listening on: http://localhost:5085
[2024-02-23 18:56:12.800 +08:00  INF]  Application started. Press Ctrl+C to shut down.
[2024-02-23 18:56:12.802 +08:00  INF]  Hosting environment: Development
[2024-02-23 18:56:12.804 +08:00  INF]  Content root path: C:\Users\LEGION\Desktop\RebuildChat\ChatHubApi
[2024-02-23 18:56:16.544 +08:00  INF]  Request starting HTTP/2 GET https://localhost:5001/swagger/index.html - null null
[2024-02-23 18:56:17.294 +08:00  INF]  Request finished HTTP/2 GET https://localhost:5001/swagger/index.html - 200 null text/html;charset=utf-8 759.2563ms
[2024-02-23 18:56:18.151 +08:00  INF]  Request starting HTTP/2 GET https://localhost:5001/_framework/aspnetcore-browser-refresh.js - null null
[2024-02-23 18:56:18.151 +08:00  INF]  Request starting HTTP/2 GET https://localhost:5001/_vs/browserLink - null null
[2024-02-23 18:56:18.169 +08:00  INF]  Request finished HTTP/2 GET https://localhost:5001/_framework/aspnetcore-browser-refresh.js - 200 13756 application/javascript; charset=utf-8 18.2259ms
[2024-02-23 18:56:18.241 +08:00  INF]  Request finished HTTP/2 GET https://localhost:5001/_vs/browserLink - 200 null text/javascript; charset=UTF-8 90.8534ms
[2024-02-23 18:56:18.365 +08:00  INF]  Request starting HTTP/2 GET https://localhost:5001/swagger/v1/swagger.json - null null
[2024-02-23 18:56:18.571 +08:00  INF]  Request finished HTTP/2 GET https://localhost:5001/swagger/v1/swagger.json - 200 null application/json;charset=utf-8 206.521ms
[2024-02-23 18:56:43.083 +08:00  INF]  Request starting HTTP/2 GET https://localhost:5001/OnlineUser/queryByUserName?keyword=wcy - null null
[2024-02-23 18:56:43.163 +08:00  INF]  Executing endpoint 'ChatHubApi.Controllers.AdminServices.User.OnlineUserController.queryByUserName (ChatHubApi)'
[2024-02-23 18:56:43.189 +08:00  INF]  Route matched with {action = "queryByUserName", controller = "OnlineUser"}. Executing controller action with signature Microsoft.AspNetCore.Mvc.ActionResult queryByUserName(System.String) on controller ChatHubApi.Controllers.AdminServices.User.OnlineUserController (ChatHubApi).
[2024-02-23 18:56:43.769 +08:00  INF]  Executing OkObjectResult, writing value of type 'System.String'.
[2024-02-23 18:56:43.777 +08:00  INF]  Executed action ChatHubApi.Controllers.AdminServices.User.OnlineUserController.queryByUserName (ChatHubApi) in 579.1229ms
[2024-02-23 18:56:43.780 +08:00  INF]  Executed endpoint 'ChatHubApi.Controllers.AdminServices.User.OnlineUserController.queryByUserName (ChatHubApi)'
[2024-02-23 18:56:43.782 +08:00  INF]  Request finished HTTP/2 GET https://localhost:5001/OnlineUser/queryByUserName?keyword=wcy - 200 null text/plain; charset=utf-8 699.6269ms
[2024-02-23 19:21:37.999 +08:00  INF]  User profile is available. Using 'C:\Users\LEGION\AppData\Local\ASP.NET\DataProtection-Keys' as key repository and Windows DPAPI to encrypt keys at rest.
[2024-02-23 19:21:38.477 +08:00  INF]  Now listening on: https://localhost:5001
[2024-02-23 19:21:38.479 +08:00  INF]  Now listening on: http://localhost:5085
[2024-02-23 19:21:38.483 +08:00  INF]  Application started. Press Ctrl+C to shut down.
[2024-02-23 19:21:38.485 +08:00  INF]  Hosting environment: Development
[2024-02-23 19:21:38.486 +08:00  INF]  Content root path: C:\Users\LEGION\Desktop\RebuildChat\ChatHubApi
[2024-02-23 19:21:41.560 +08:00  INF]  Request starting HTTP/2 GET https://localhost:5001/swagger/index.html - null null
[2024-02-23 19:21:41.998 +08:00  INF]  Request finished HTTP/2 GET https://localhost:5001/swagger/index.html - 200 null text/html;charset=utf-8 442.639ms
[2024-02-23 19:21:42.742 +08:00  INF]  Request starting HTTP/2 GET https://localhost:5001/_framework/aspnetcore-browser-refresh.js - null null
[2024-02-23 19:21:42.742 +08:00  INF]  Request starting HTTP/2 GET https://localhost:5001/_vs/browserLink - null null
[2024-02-23 19:21:42.760 +08:00  INF]  Request finished HTTP/2 GET https://localhost:5001/_framework/aspnetcore-browser-refresh.js - 200 13756 application/javascript; charset=utf-8 18.6342ms
[2024-02-23 19:21:42.811 +08:00  INF]  Request finished HTTP/2 GET https://localhost:5001/_vs/browserLink - 200 null text/javascript; charset=UTF-8 69.9404ms
[2024-02-23 19:21:42.939 +08:00  INF]  Request starting HTTP/2 GET https://localhost:5001/swagger/v1/swagger.json - null null
[2024-02-23 19:21:43.099 +08:00  INF]  Request finished HTTP/2 GET https://localhost:5001/swagger/v1/swagger.json - 200 null application/json;charset=utf-8 159.6804ms
[2024-02-23 20:30:05.542 +08:00  INF]  User profile is available. Using 'C:\Users\LEGION\AppData\Local\ASP.NET\DataProtection-Keys' as key repository and Windows DPAPI to encrypt keys at rest.
[2024-02-23 20:30:05.718 +08:00  FTL]  Application startup exception
System.InvalidOperationException: Unable to resolve service for type 'Microsoft.Extensions.Logging.ILogger' while attempting to activate 'ChatHubApi.Middleware.ExceptionHandlingMiddleware'.
   at Microsoft.Extensions.Internal.ActivatorUtilities.ConstructorMatcher.CreateInstance(IServiceProvider provider)
   at Microsoft.Extensions.Internal.ActivatorUtilities.CreateInstance(IServiceProvider provider, Type instanceType, Object[] parameters)
   at Microsoft.AspNetCore.Builder.UseMiddlewareExtensions.ReflectionMiddlewareBinder.CreateMiddleware(RequestDelegate next)
   at Microsoft.AspNetCore.Builder.ApplicationBuilder.Build()
   at Microsoft.AspNetCore.Builder.ApplicationBuilder.Build()
   at Microsoft.AspNetCore.Hosting.GenericWebHostService.StartAsync(CancellationToken cancellationToken)
[2024-02-23 20:30:05.740 +08:00  ERR]  Hosting failed to start
System.InvalidOperationException: Unable to resolve service for type 'Microsoft.Extensions.Logging.ILogger' while attempting to activate 'ChatHubApi.Middleware.ExceptionHandlingMiddleware'.
   at Microsoft.Extensions.Internal.ActivatorUtilities.ConstructorMatcher.CreateInstance(IServiceProvider provider)
   at Microsoft.Extensions.Internal.ActivatorUtilities.CreateInstance(IServiceProvider provider, Type instanceType, Object[] parameters)
   at Microsoft.AspNetCore.Builder.UseMiddlewareExtensions.ReflectionMiddlewareBinder.CreateMiddleware(RequestDelegate next)
   at Microsoft.AspNetCore.Builder.ApplicationBuilder.Build()
   at Microsoft.AspNetCore.Builder.ApplicationBuilder.Build()
   at Microsoft.AspNetCore.Hosting.GenericWebHostService.StartAsync(CancellationToken cancellationToken)
   at Microsoft.Extensions.Hosting.Internal.Host.<StartAsync>b__15_1(IHostedService service, CancellationToken token)
   at Microsoft.Extensions.Hosting.Internal.Host.ForeachService[T](IEnumerable`1 services, CancellationToken token, Boolean concurrent, Boolean abortOnFirstException, List`1 exceptions, Func`3 operation)
[2024-02-23 20:31:42.135 +08:00  INF]  User profile is available. Using 'C:\Users\LEGION\AppData\Local\ASP.NET\DataProtection-Keys' as key repository and Windows DPAPI to encrypt keys at rest.
[2024-02-23 20:31:42.308 +08:00  FTL]  Application startup exception
System.InvalidOperationException: Unable to resolve service for type 'Microsoft.Extensions.Logging.ILogger' while attempting to activate 'ChatHubApi.Middleware.ExceptionHandlingMiddleware'.
   at Microsoft.Extensions.Internal.ActivatorUtilities.ConstructorMatcher.CreateInstance(IServiceProvider provider)
   at Microsoft.Extensions.Internal.ActivatorUtilities.CreateInstance(IServiceProvider provider, Type instanceType, Object[] parameters)
   at Microsoft.AspNetCore.Builder.UseMiddlewareExtensions.ReflectionMiddlewareBinder.CreateMiddleware(RequestDelegate next)
   at Microsoft.AspNetCore.Builder.ApplicationBuilder.Build()
   at Microsoft.AspNetCore.Builder.ApplicationBuilder.Build()
   at Microsoft.AspNetCore.Hosting.GenericWebHostService.StartAsync(CancellationToken cancellationToken)
[2024-02-23 20:31:42.330 +08:00  ERR]  Hosting failed to start
System.InvalidOperationException: Unable to resolve service for type 'Microsoft.Extensions.Logging.ILogger' while attempting to activate 'ChatHubApi.Middleware.ExceptionHandlingMiddleware'.
   at Microsoft.Extensions.Internal.ActivatorUtilities.ConstructorMatcher.CreateInstance(IServiceProvider provider)
   at Microsoft.Extensions.Internal.ActivatorUtilities.CreateInstance(IServiceProvider provider, Type instanceType, Object[] parameters)
   at Microsoft.AspNetCore.Builder.UseMiddlewareExtensions.ReflectionMiddlewareBinder.CreateMiddleware(RequestDelegate next)
   at Microsoft.AspNetCore.Builder.ApplicationBuilder.Build()
   at Microsoft.AspNetCore.Builder.ApplicationBuilder.Build()
   at Microsoft.AspNetCore.Hosting.GenericWebHostService.StartAsync(CancellationToken cancellationToken)
   at Microsoft.Extensions.Hosting.Internal.Host.<StartAsync>b__15_1(IHostedService service, CancellationToken token)
   at Microsoft.Extensions.Hosting.Internal.Host.ForeachService[T](IEnumerable`1 services, CancellationToken token, Boolean concurrent, Boolean abortOnFirstException, List`1 exceptions, Func`3 operation)
[2024-02-23 20:33:10.150 +08:00  INF]  User profile is available. Using 'C:\Users\LEGION\AppData\Local\ASP.NET\DataProtection-Keys' as key repository and Windows DPAPI to encrypt keys at rest.
[2024-02-23 20:33:10.698 +08:00  INF]  Now listening on: https://localhost:5001
[2024-02-23 20:33:10.700 +08:00  INF]  Now listening on: http://localhost:5085
[2024-02-23 20:33:10.704 +08:00  INF]  Application started. Press Ctrl+C to shut down.
[2024-02-23 20:33:10.706 +08:00  INF]  Hosting environment: Development
[2024-02-23 20:33:10.708 +08:00  INF]  Content root path: C:\Users\LEGION\Desktop\RebuildChat\ChatHubApi
[2024-02-23 20:33:15.131 +08:00  INF]  Request starting HTTP/2 GET https://localhost:5001/swagger/index.html - null null
[2024-02-23 20:33:15.412 +08:00  INF]  请求测试
[2024-02-23 20:33:15.539 +08:00  INF]  响应测试
[2024-02-23 20:33:15.546 +08:00  INF]  Request finished HTTP/2 GET https://localhost:5001/swagger/index.html - 200 null text/html;charset=utf-8 421.7753ms
[2024-02-23 20:33:15.585 +08:00  INF]  Request starting HTTP/2 GET https://localhost:5001/_framework/aspnetcore-browser-refresh.js - null null
[2024-02-23 20:33:15.597 +08:00  INF]  Request finished HTTP/2 GET https://localhost:5001/_framework/aspnetcore-browser-refresh.js - 200 13756 application/javascript; charset=utf-8 12.2846ms
[2024-02-23 20:33:16.240 +08:00  INF]  Request starting HTTP/2 GET https://localhost:5001/_vs/browserLink - null null
[2024-02-23 20:33:16.295 +08:00  INF]  Request finished HTTP/2 GET https://localhost:5001/_vs/browserLink - 200 null text/javascript; charset=UTF-8 55.1912ms
[2024-02-23 20:33:20.107 +08:00  INF]  Request starting HTTP/2 GET https://localhost:5001/swagger/v1/swagger.json - null null
[2024-02-23 20:33:20.115 +08:00  INF]  请求测试
[2024-02-23 20:33:20.324 +08:00  INF]  响应测试
[2024-02-23 20:33:20.327 +08:00  INF]  Request finished HTTP/2 GET https://localhost:5001/swagger/v1/swagger.json - 200 null application/json;charset=utf-8 219.6177ms
[2024-02-23 20:33:36.067 +08:00  INF]  Request starting HTTP/2 GET https://localhost:5001/User/QueryByUserName?targetname=wcy - null null
[2024-02-23 20:33:36.075 +08:00  INF]  请求测试
[2024-02-23 20:33:36.165 +08:00  INF]  Executing endpoint 'ChatHubApi.Controllers.AdminServices.User.UserController.QueryByUserName (ChatHubApi)'
[2024-02-23 20:33:36.193 +08:00  INF]  Route matched with {action = "QueryByUserName", controller = "User"}. Executing controller action with signature Microsoft.AspNetCore.Mvc.IActionResult QueryByUserName(System.String) on controller ChatHubApi.Controllers.AdminServices.User.UserController (ChatHubApi).
[2024-02-23 20:33:36.792 +08:00  INF]  Executing OkObjectResult, writing value of type 'ChatHubApi.System.Response'.
[2024-02-23 20:33:36.807 +08:00  INF]  Executed action ChatHubApi.Controllers.AdminServices.User.UserController.QueryByUserName (ChatHubApi) in 603.8931ms
[2024-02-23 20:33:36.809 +08:00  INF]  Executed endpoint 'ChatHubApi.Controllers.AdminServices.User.UserController.QueryByUserName (ChatHubApi)'
[2024-02-23 20:33:36.811 +08:00  INF]  响应测试
[2024-02-23 20:33:36.814 +08:00  INF]  Request finished HTTP/2 GET https://localhost:5001/User/QueryByUserName?targetname=wcy - 200 null application/json; charset=utf-8 747.4623ms
[2024-02-23 20:45:42.068 +08:00  INF]  User profile is available. Using 'C:\Users\LEGION\AppData\Local\ASP.NET\DataProtection-Keys' as key repository and Windows DPAPI to encrypt keys at rest.
[2024-02-23 20:45:42.519 +08:00  INF]  Now listening on: https://localhost:5001
[2024-02-23 20:45:42.522 +08:00  INF]  Now listening on: http://localhost:5085
[2024-02-23 20:45:42.526 +08:00  INF]  Application started. Press Ctrl+C to shut down.
[2024-02-23 20:45:42.528 +08:00  INF]  Hosting environment: Development
[2024-02-23 20:45:42.530 +08:00  INF]  Content root path: C:\Users\LEGION\Desktop\RebuildChat\ChatHubApi
[2024-02-23 20:45:44.973 +08:00  INF]  Request starting HTTP/2 GET https://localhost:5001/swagger/index.html - null null
[2024-02-23 20:45:45.386 +08:00  INF]  Request finished HTTP/2 GET https://localhost:5001/swagger/index.html - 200 null text/html;charset=utf-8 423.5163ms
[2024-02-23 20:45:46.156 +08:00  INF]  Request starting HTTP/2 GET https://localhost:5001/_framework/aspnetcore-browser-refresh.js - null null
[2024-02-23 20:45:46.156 +08:00  INF]  Request starting HTTP/2 GET https://localhost:5001/_vs/browserLink - null null
[2024-02-23 20:45:46.168 +08:00  INF]  Request finished HTTP/2 GET https://localhost:5001/_framework/aspnetcore-browser-refresh.js - 200 13756 application/javascript; charset=utf-8 12.7015ms
[2024-02-23 20:45:46.228 +08:00  INF]  Request finished HTTP/2 GET https://localhost:5001/_vs/browserLink - 200 null text/javascript; charset=UTF-8 72.9618ms
[2024-02-23 20:45:46.353 +08:00  INF]  Request starting HTTP/2 GET https://localhost:5001/swagger/v1/swagger.json - null null
[2024-02-23 20:45:46.519 +08:00  INF]  Request finished HTTP/2 GET https://localhost:5001/swagger/v1/swagger.json - 200 null application/json;charset=utf-8 166.6437ms
[2024-02-23 20:45:58.265 +08:00  INF]  Request starting HTTP/2 GET https://localhost:5001/User/QueryByUserName?targetname=wcy - null null
[2024-02-23 20:45:58.414 +08:00  ERR]  An unhandled exception has occurred while executing the request.
System.Exception: 机房炸了
   at Program.<>c.<<<Main>$>b__0_6>d.MoveNext() in C:\Users\LEGION\Desktop\RebuildChat\ChatHubApi\Program.cs:line 121
--- End of stack trace from previous location ---
   at Microsoft.AspNetCore.Authorization.AuthorizationMiddleware.Invoke(HttpContext context)
   at Microsoft.AspNetCore.Authentication.AuthenticationMiddleware.Invoke(HttpContext context)
   at Microsoft.AspNetCore.Diagnostics.DeveloperExceptionPageMiddlewareImpl.Invoke(HttpContext context)
[2024-02-23 20:45:58.440 +08:00  INF]  Request finished HTTP/2 GET https://localhost:5001/User/QueryByUserName?targetname=wcy - 500 null text/plain; charset=utf-8 174.9775ms
[2024-02-23 23:44:38.703 +08:00  INF]  User profile is available. Using 'C:\Users\LEGION\AppData\Local\ASP.NET\DataProtection-Keys' as key repository and Windows DPAPI to encrypt keys at rest.
[2024-02-23 23:44:39.134 +08:00  INF]  Now listening on: https://localhost:5001
[2024-02-23 23:44:39.137 +08:00  INF]  Now listening on: http://localhost:5085
[2024-02-23 23:44:39.141 +08:00  INF]  Application started. Press Ctrl+C to shut down.
[2024-02-23 23:44:39.144 +08:00  INF]  Hosting environment: Development
[2024-02-23 23:44:39.145 +08:00  INF]  Content root path: C:\Users\LEGION\Desktop\RebuildChat\ChatHubApi
[2024-02-23 23:44:42.247 +08:00  INF]  Request starting HTTP/2 GET https://localhost:5001/swagger/index.html - null null
[2024-02-23 23:44:42.752 +08:00  INF]  Request finished HTTP/2 GET https://localhost:5001/swagger/index.html - 200 null text/html;charset=utf-8 512.7219ms
[2024-02-23 23:44:42.759 +08:00  INF]  Request starting HTTP/2 GET https://localhost:5001/_framework/aspnetcore-browser-refresh.js - null null
[2024-02-23 23:44:42.794 +08:00  INF]  Request finished HTTP/2 GET https://localhost:5001/_framework/aspnetcore-browser-refresh.js - 200 13756 application/javascript; charset=utf-8 35.0204ms
[2024-02-23 23:44:43.728 +08:00  INF]  Request starting HTTP/2 GET https://localhost:5001/_vs/browserLink - null null
[2024-02-23 23:44:43.813 +08:00  INF]  Request finished HTTP/2 GET https://localhost:5001/_vs/browserLink - 200 null text/javascript; charset=UTF-8 85.1226ms
[2024-02-23 23:44:44.019 +08:00  INF]  Request starting HTTP/2 GET https://localhost:5001/swagger/v1/swagger.json - null null
[2024-02-23 23:44:44.224 +08:00  INF]  Request finished HTTP/2 GET https://localhost:5001/swagger/v1/swagger.json - 200 null application/json;charset=utf-8 205.6518ms
[2024-02-23 23:45:08.381 +08:00  INF]  Request starting HTTP/2 OPTIONS https://localhost:5001/Auth/login - null null
[2024-02-23 23:45:08.392 +08:00  INF]  CORS policy execution successful.
[2024-02-23 23:45:08.398 +08:00  INF]  Request finished HTTP/2 OPTIONS https://localhost:5001/Auth/login - 204 null null 17.8381ms
[2024-02-23 23:45:08.401 +08:00  INF]  Request starting HTTP/2 POST https://localhost:5001/Auth/login - application/json 36
[2024-02-23 23:45:08.413 +08:00  INF]  CORS policy execution successful.
[2024-02-23 23:45:08.574 +08:00  INF]  Executing endpoint 'construct.Application.System.Services.Login.AuthController.login (ChatHubApi)'
[2024-02-23 23:45:08.606 +08:00  INF]  Route matched with {action = "login", controller = "Auth"}. Executing controller action with signature System.Threading.Tasks.Task`1[Microsoft.AspNetCore.Mvc.IActionResult] login(construct.Application.System.Services.Login.Model.FontLoginInput) on controller construct.Application.System.Services.Login.AuthController (ChatHubApi).
[2024-02-23 23:45:09.246 +08:00  INF]  Executing OkObjectResult, writing value of type 'ChatHubApi.System.Response'.
[2024-02-23 23:45:09.261 +08:00  INF]  Executed action construct.Application.System.Services.Login.AuthController.login (ChatHubApi) in 644.4847ms
[2024-02-23 23:45:09.266 +08:00  INF]  Executed endpoint 'construct.Application.System.Services.Login.AuthController.login (ChatHubApi)'
[2024-02-23 23:45:09.269 +08:00  INF]  Request finished HTTP/2 POST https://localhost:5001/Auth/login - 200 null application/json; charset=utf-8 868.1643ms
[2024-02-23 23:45:09.311 +08:00  INF]  Request starting HTTP/1.1 GET https://localhost:5001/MyHub?access_token=eyJhbGciOiJodHRwOi8vd3d3LnczLm9yZy8yMDAxLzA0L3htbGRzaWctbW9yZSNobWFjLXNoYTI1NiIsInR5cCI6IkpXVCJ9.eyJVc2VySWQiOiIxIiwiVXNlck5hbWUiOiJ3Y3kiLCJSb2xlIjoiVXNlciIsIm5iZiI6MTcwODcwMzEwOSwiZXhwIjoxNzA4NzIxMTA5fQ.PsdBGwwf9umwvbor1cUqeZgiF-eZXfKLk5mN4H9hzcg - null null
[2024-02-23 23:45:09.317 +08:00  INF]  CORS policy execution successful.
[2024-02-23 23:45:09.321 +08:00  INF]  Executing endpoint '/MyHub'
[2024-02-23 23:45:09.419 +08:00  INF]  Request starting HTTP/2 OPTIONS https://localhost:5001/Message/offline?username=wcy - null null
[2024-02-23 23:45:09.426 +08:00  INF]  CORS policy execution successful.
[2024-02-23 23:45:09.427 +08:00  INF]  Request finished HTTP/2 OPTIONS https://localhost:5001/Message/offline?username=wcy - 204 null null 8.3334ms
[2024-02-23 23:45:09.432 +08:00  INF]  Request starting HTTP/2 GET https://localhost:5001/Message/offline?username=wcy - null null
[2024-02-23 23:45:09.457 +08:00  INF]  CORS policy execution successful.
[2024-02-23 23:45:09.465 +08:00  INF]  Executing endpoint 'construct.Application.System.FontServices.Message.MessageController.offline (ChatHubApi)'
[2024-02-23 23:45:09.476 +08:00  INF]  Route matched with {action = "offline", controller = "Message"}. Executing controller action with signature System.Threading.Tasks.Task`1[Microsoft.AspNetCore.Mvc.IActionResult] offline(System.String) on controller construct.Application.System.FontServices.Message.MessageController (ChatHubApi).
[2024-02-23 23:45:09.557 +08:00  INF]  Executing OkObjectResult, writing value of type 'ChatHubApi.System.Response'.
[2024-02-23 23:45:09.562 +08:00  INF]  Executed action construct.Application.System.FontServices.Message.MessageController.offline (ChatHubApi) in 72.4535ms
[2024-02-23 23:45:09.565 +08:00  INF]  Executed endpoint 'construct.Application.System.FontServices.Message.MessageController.offline (ChatHubApi)'
[2024-02-23 23:45:09.573 +08:00  INF]  Request finished HTTP/2 GET https://localhost:5001/Message/offline?username=wcy - 200 null application/json; charset=utf-8 141.3562ms
[2024-02-23 23:45:12.352 +08:00  INF]  Request starting HTTP/2 OPTIONS https://localhost:5001/Friends/queryAll?userId=1 - null null
[2024-02-23 23:45:12.361 +08:00  INF]  CORS policy execution successful.
[2024-02-23 23:45:12.363 +08:00  INF]  Request finished HTTP/2 OPTIONS https://localhost:5001/Friends/queryAll?userId=1 - 204 null null 11.8773ms
[2024-02-23 23:45:12.367 +08:00  INF]  Request starting HTTP/2 GET https://localhost:5001/Friends/queryAll?userId=1 - null null
[2024-02-23 23:45:12.379 +08:00  INF]  CORS policy execution successful.
[2024-02-23 23:45:12.381 +08:00  INF]  Executing endpoint 'construct.Application.System.FontServices.Friends.FriendsController.QueryAll (ChatHubApi)'
[2024-02-23 23:45:12.387 +08:00  INF]  Route matched with {action = "QueryAll", controller = "Friends"}. Executing controller action with signature System.Threading.Tasks.Task`1[Microsoft.AspNetCore.Mvc.ActionResult] QueryAll(Int64) on controller construct.Application.System.FontServices.Friends.FriendsController (ChatHubApi).
[2024-02-23 23:45:12.429 +08:00  INF]  Executing OkObjectResult, writing value of type 'ChatHubApi.System.Response'.
[2024-02-23 23:45:12.431 +08:00  INF]  Executed action construct.Application.System.FontServices.Friends.FriendsController.QueryAll (ChatHubApi) in 40.8623ms
[2024-02-23 23:45:12.434 +08:00  INF]  Executed endpoint 'construct.Application.System.FontServices.Friends.FriendsController.QueryAll (ChatHubApi)'
[2024-02-23 23:45:12.438 +08:00  INF]  Request finished HTTP/2 GET https://localhost:5001/Friends/queryAll?userId=1 - 200 null application/json; charset=utf-8 70.3607ms
[2024-02-23 23:46:31.645 +08:00  INF]  Request starting HTTP/1.1 GET https://localhost:5001/MyHub?access_token=eyJhbGciOiJodHRwOi8vd3d3LnczLm9yZy8yMDAxLzA0L3htbGRzaWctbW9yZSNobWFjLXNoYTI1NiIsInR5cCI6IkpXVCJ9.eyJVc2VySWQiOiIxIiwiVXNlck5hbWUiOiJ3Y3kiLCJSb2xlIjoiVXNlciIsIm5iZiI6MTcwODcwMzEwOSwiZXhwIjoxNzA4NzIxMTA5fQ.PsdBGwwf9umwvbor1cUqeZgiF-eZXfKLk5mN4H9hzcg - null null
[2024-02-23 23:46:31.651 +08:00  INF]  CORS policy execution successful.
[2024-02-23 23:46:31.654 +08:00  INF]  Executing endpoint '/MyHub'
[2024-02-23 23:46:31.657 +08:00  INF]  Request starting HTTP/2 OPTIONS https://localhost:5001/Friends/queryAll?userId=1 - null null
[2024-02-23 23:46:31.671 +08:00  INF]  CORS policy execution successful.
[2024-02-23 23:46:31.675 +08:00  INF]  Request finished HTTP/2 OPTIONS https://localhost:5001/Friends/queryAll?userId=1 - 204 null null 18.3936ms
[2024-02-23 23:46:31.678 +08:00  INF]  Request starting HTTP/2 GET https://localhost:5001/Friends/queryAll?userId=1 - null null
[2024-02-23 23:46:31.690 +08:00  INF]  CORS policy execution successful.
[2024-02-23 23:46:31.694 +08:00  INF]  Executing endpoint 'construct.Application.System.FontServices.Friends.FriendsController.QueryAll (ChatHubApi)'
[2024-02-23 23:46:31.698 +08:00  INF]  Route matched with {action = "QueryAll", controller = "Friends"}. Executing controller action with signature System.Threading.Tasks.Task`1[Microsoft.AspNetCore.Mvc.ActionResult] QueryAll(Int64) on controller construct.Application.System.FontServices.Friends.FriendsController (ChatHubApi).
[2024-02-23 23:46:31.724 +08:00  INF]  Executing OkObjectResult, writing value of type 'ChatHubApi.System.Response'.
[2024-02-23 23:46:31.732 +08:00  INF]  Executed action construct.Application.System.FontServices.Friends.FriendsController.QueryAll (ChatHubApi) in 25.5423ms
[2024-02-23 23:46:31.739 +08:00  INF]  Executed endpoint 'construct.Application.System.FontServices.Friends.FriendsController.QueryAll (ChatHubApi)'
[2024-02-23 23:46:31.745 +08:00  INF]  Request finished HTTP/2 GET https://localhost:5001/Friends/queryAll?userId=1 - 200 null application/json; charset=utf-8 66.9705ms
[2024-02-23 23:46:31.774 +08:00  INF]  Request starting HTTP/2 OPTIONS https://localhost:5001/Message/offline?username=wcy - null null
[2024-02-23 23:46:31.794 +08:00  INF]  CORS policy execution successful.
[2024-02-23 23:46:31.796 +08:00  INF]  Request finished HTTP/2 OPTIONS https://localhost:5001/Message/offline?username=wcy - 204 null null 22.6822ms
[2024-02-23 23:46:31.802 +08:00  INF]  Request starting HTTP/2 GET https://localhost:5001/Message/offline?username=wcy - null null
[2024-02-23 23:46:31.816 +08:00  INF]  CORS policy execution successful.
[2024-02-23 23:46:31.821 +08:00  INF]  Executing endpoint 'construct.Application.System.FontServices.Message.MessageController.offline (ChatHubApi)'
[2024-02-23 23:46:31.827 +08:00  INF]  Route matched with {action = "offline", controller = "Message"}. Executing controller action with signature System.Threading.Tasks.Task`1[Microsoft.AspNetCore.Mvc.IActionResult] offline(System.String) on controller construct.Application.System.FontServices.Message.MessageController (ChatHubApi).
[2024-02-23 23:46:31.846 +08:00  INF]  Executing OkObjectResult, writing value of type 'ChatHubApi.System.Response'.
[2024-02-23 23:46:31.849 +08:00  INF]  Executed action construct.Application.System.FontServices.Message.MessageController.offline (ChatHubApi) in 14.0151ms
[2024-02-23 23:46:31.854 +08:00  INF]  Executed endpoint 'construct.Application.System.FontServices.Message.MessageController.offline (ChatHubApi)'
[2024-02-23 23:46:31.858 +08:00  INF]  Request finished HTTP/2 GET https://localhost:5001/Message/offline?username=wcy - 200 null application/json; charset=utf-8 57.2664ms
[2024-02-23 23:46:50.909 +08:00  INF]  Request starting HTTP/1.1 GET https://localhost:5001/MyHub?access_token=eyJhbGciOiJodHRwOi8vd3d3LnczLm9yZy8yMDAxLzA0L3htbGRzaWctbW9yZSNobWFjLXNoYTI1NiIsInR5cCI6IkpXVCJ9.eyJVc2VySWQiOiIxIiwiVXNlck5hbWUiOiJ3Y3kiLCJSb2xlIjoiVXNlciIsIm5iZiI6MTcwODcwMzEwOSwiZXhwIjoxNzA4NzIxMTA5fQ.PsdBGwwf9umwvbor1cUqeZgiF-eZXfKLk5mN4H9hzcg - null null
[2024-02-23 23:46:50.916 +08:00  INF]  Request starting HTTP/2 OPTIONS https://localhost:5001/Friends/queryAll?userId=1 - null null
[2024-02-23 23:46:50.917 +08:00  INF]  CORS policy execution successful.
[2024-02-23 23:46:50.922 +08:00  INF]  CORS policy execution successful.
[2024-02-23 23:46:50.925 +08:00  INF]  Executing endpoint '/MyHub'
[2024-02-23 23:46:50.927 +08:00  INF]  Request finished HTTP/2 OPTIONS https://localhost:5001/Friends/queryAll?userId=1 - 204 null null 10.4051ms
[2024-02-23 23:46:50.934 +08:00  INF]  Request starting HTTP/2 GET https://localhost:5001/Friends/queryAll?userId=1 - null null
[2024-02-23 23:46:50.948 +08:00  INF]  CORS policy execution successful.
[2024-02-23 23:46:50.950 +08:00  INF]  Executing endpoint 'construct.Application.System.FontServices.Friends.FriendsController.QueryAll (ChatHubApi)'
[2024-02-23 23:46:50.954 +08:00  INF]  Route matched with {action = "QueryAll", controller = "Friends"}. Executing controller action with signature System.Threading.Tasks.Task`1[Microsoft.AspNetCore.Mvc.ActionResult] QueryAll(Int64) on controller construct.Application.System.FontServices.Friends.FriendsController (ChatHubApi).
[2024-02-23 23:46:50.982 +08:00  INF]  Request starting HTTP/2 OPTIONS https://localhost:5001/Message/offline?username=wcy - null null
[2024-02-23 23:46:50.985 +08:00  INF]  Executing OkObjectResult, writing value of type 'ChatHubApi.System.Response'.
[2024-02-23 23:46:50.988 +08:00  INF]  CORS policy execution successful.
[2024-02-23 23:46:50.991 +08:00  INF]  Executed action construct.Application.System.FontServices.Friends.FriendsController.QueryAll (ChatHubApi) in 31.0833ms
[2024-02-23 23:46:50.993 +08:00  INF]  Request finished HTTP/2 OPTIONS https://localhost:5001/Message/offline?username=wcy - 204 null null 11.4311ms
[2024-02-23 23:46:50.996 +08:00  INF]  Request starting HTTP/2 GET https://localhost:5001/Message/offline?username=wcy - null null
[2024-02-23 23:46:50.997 +08:00  INF]  Executed endpoint 'construct.Application.System.FontServices.Friends.FriendsController.QueryAll (ChatHubApi)'
[2024-02-23 23:46:51.008 +08:00  INF]  Request finished HTTP/2 GET https://localhost:5001/Friends/queryAll?userId=1 - 200 null application/json; charset=utf-8 75.0031ms
[2024-02-23 23:46:51.015 +08:00  INF]  CORS policy execution successful.
[2024-02-23 23:46:51.026 +08:00  INF]  Executing endpoint 'construct.Application.System.FontServices.Message.MessageController.offline (ChatHubApi)'
[2024-02-23 23:46:51.030 +08:00  INF]  Route matched with {action = "offline", controller = "Message"}. Executing controller action with signature System.Threading.Tasks.Task`1[Microsoft.AspNetCore.Mvc.IActionResult] offline(System.String) on controller construct.Application.System.FontServices.Message.MessageController (ChatHubApi).
[2024-02-23 23:46:51.049 +08:00  INF]  Executing OkObjectResult, writing value of type 'ChatHubApi.System.Response'.
[2024-02-23 23:46:51.052 +08:00  INF]  Executed action construct.Application.System.FontServices.Message.MessageController.offline (ChatHubApi) in 15.5582ms
[2024-02-23 23:46:51.057 +08:00  INF]  Executed endpoint 'construct.Application.System.FontServices.Message.MessageController.offline (ChatHubApi)'
[2024-02-23 23:46:51.062 +08:00  INF]  Request finished HTTP/2 GET https://localhost:5001/Message/offline?username=wcy - 200 null application/json; charset=utf-8 66.0981ms
[2024-02-23 23:47:20.964 +08:00  INF]  Executed endpoint '/MyHub'
[2024-02-23 23:47:20.964 +08:00  INF]  Executed endpoint '/MyHub'
[2024-02-23 23:47:20.967 +08:00  INF]  Request finished HTTP/1.1 GET https://localhost:5001/MyHub?access_token=eyJhbGciOiJodHRwOi8vd3d3LnczLm9yZy8yMDAxLzA0L3htbGRzaWctbW9yZSNobWFjLXNoYTI1NiIsInR5cCI6IkpXVCJ9.eyJVc2VySWQiOiIxIiwiVXNlck5hbWUiOiJ3Y3kiLCJSb2xlIjoiVXNlciIsIm5iZiI6MTcwODcwMzEwOSwiZXhwIjoxNzA4NzIxMTA5fQ.PsdBGwwf9umwvbor1cUqeZgiF-eZXfKLk5mN4H9hzcg - 101 null null 30058.0757ms
[2024-02-23 23:47:20.970 +08:00  INF]  Request finished HTTP/1.1 GET https://localhost:5001/MyHub?access_token=eyJhbGciOiJodHRwOi8vd3d3LnczLm9yZy8yMDAxLzA0L3htbGRzaWctbW9yZSNobWFjLXNoYTI1NiIsInR5cCI6IkpXVCJ9.eyJVc2VySWQiOiIxIiwiVXNlck5hbWUiOiJ3Y3kiLCJSb2xlIjoiVXNlciIsIm5iZiI6MTcwODcwMzEwOSwiZXhwIjoxNzA4NzIxMTA5fQ.PsdBGwwf9umwvbor1cUqeZgiF-eZXfKLk5mN4H9hzcg - 101 null null 49324.9396ms
[2024-02-23 23:47:20.975 +08:00  INF]  Executed endpoint '/MyHub'
[2024-02-23 23:47:20.987 +08:00  INF]  Request finished HTTP/1.1 GET https://localhost:5001/MyHub?access_token=eyJhbGciOiJodHRwOi8vd3d3LnczLm9yZy8yMDAxLzA0L3htbGRzaWctbW9yZSNobWFjLXNoYTI1NiIsInR5cCI6IkpXVCJ9.eyJVc2VySWQiOiIxIiwiVXNlck5hbWUiOiJ3Y3kiLCJSb2xlIjoiVXNlciIsIm5iZiI6MTcwODcwMzEwOSwiZXhwIjoxNzA4NzIxMTA5fQ.PsdBGwwf9umwvbor1cUqeZgiF-eZXfKLk5mN4H9hzcg - 101 null null 131676.3699ms
[2024-02-23 23:47:21.930 +08:00  INF]  Request starting HTTP/1.1 GET https://localhost:5001/MyHub?access_token=eyJhbGciOiJodHRwOi8vd3d3LnczLm9yZy8yMDAxLzA0L3htbGRzaWctbW9yZSNobWFjLXNoYTI1NiIsInR5cCI6IkpXVCJ9.eyJVc2VySWQiOiIxIiwiVXNlck5hbWUiOiJ3Y3kiLCJSb2xlIjoiVXNlciIsIm5iZiI6MTcwODcwMzEwOSwiZXhwIjoxNzA4NzIxMTA5fQ.PsdBGwwf9umwvbor1cUqeZgiF-eZXfKLk5mN4H9hzcg - null null
[2024-02-23 23:47:21.935 +08:00  INF]  CORS policy execution successful.
[2024-02-23 23:47:21.937 +08:00  INF]  Executing endpoint '/MyHub'
[2024-02-23 23:47:22.036 +08:00  INF]  Request starting HTTP/2 OPTIONS https://localhost:5001/Message/offline?username=wcy - null null
[2024-02-23 23:47:22.052 +08:00  INF]  CORS policy execution successful.
[2024-02-23 23:47:22.055 +08:00  INF]  Request finished HTTP/2 OPTIONS https://localhost:5001/Message/offline?username=wcy - 204 null null 19.9308ms
[2024-02-23 23:47:22.059 +08:00  INF]  Request starting HTTP/2 GET https://localhost:5001/Message/offline?username=wcy - null null
[2024-02-23 23:47:22.068 +08:00  INF]  CORS policy execution successful.
[2024-02-23 23:47:22.071 +08:00  INF]  Executing endpoint 'construct.Application.System.FontServices.Message.MessageController.offline (ChatHubApi)'
[2024-02-23 23:47:22.077 +08:00  INF]  Route matched with {action = "offline", controller = "Message"}. Executing controller action with signature System.Threading.Tasks.Task`1[Microsoft.AspNetCore.Mvc.IActionResult] offline(System.String) on controller construct.Application.System.FontServices.Message.MessageController (ChatHubApi).
[2024-02-23 23:47:22.098 +08:00  INF]  Executing OkObjectResult, writing value of type 'ChatHubApi.System.Response'.
[2024-02-23 23:47:22.101 +08:00  INF]  Executed action construct.Application.System.FontServices.Message.MessageController.offline (ChatHubApi) in 19.4184ms
[2024-02-23 23:47:22.106 +08:00  INF]  Executed endpoint 'construct.Application.System.FontServices.Message.MessageController.offline (ChatHubApi)'
[2024-02-23 23:47:22.109 +08:00  INF]  Request finished HTTP/2 GET https://localhost:5001/Message/offline?username=wcy - 200 null application/json; charset=utf-8 50.3418ms
[2024-02-23 23:47:22.298 +08:00  INF]  Request starting HTTP/2 OPTIONS https://localhost:5001/Friends/queryAll?userId=1 - null null
[2024-02-23 23:47:22.303 +08:00  INF]  CORS policy execution successful.
[2024-02-23 23:47:22.305 +08:00  INF]  Request finished HTTP/2 OPTIONS https://localhost:5001/Friends/queryAll?userId=1 - 204 null null 7.798ms
[2024-02-23 23:47:22.308 +08:00  INF]  Request starting HTTP/2 GET https://localhost:5001/Friends/queryAll?userId=1 - null null
[2024-02-23 23:47:22.316 +08:00  INF]  CORS policy execution successful.
[2024-02-23 23:47:22.320 +08:00  INF]  Executing endpoint 'construct.Application.System.FontServices.Friends.FriendsController.QueryAll (ChatHubApi)'
[2024-02-23 23:47:22.324 +08:00  INF]  Route matched with {action = "QueryAll", controller = "Friends"}. Executing controller action with signature System.Threading.Tasks.Task`1[Microsoft.AspNetCore.Mvc.ActionResult] QueryAll(Int64) on controller construct.Application.System.FontServices.Friends.FriendsController (ChatHubApi).
[2024-02-23 23:47:22.342 +08:00  INF]  Executing OkObjectResult, writing value of type 'ChatHubApi.System.Response'.
[2024-02-23 23:47:22.344 +08:00  INF]  Executed action construct.Application.System.FontServices.Friends.FriendsController.QueryAll (ChatHubApi) in 15.4245ms
[2024-02-23 23:47:22.348 +08:00  INF]  Executed endpoint 'construct.Application.System.FontServices.Friends.FriendsController.QueryAll (ChatHubApi)'
[2024-02-23 23:47:22.350 +08:00  INF]  Request finished HTTP/2 GET https://localhost:5001/Friends/queryAll?userId=1 - 200 null application/json; charset=utf-8 42.1016ms
[2024-02-23 23:49:00.361 +08:00  INF]  Request starting HTTP/1.1 GET https://localhost:5001/MyHub?access_token=eyJhbGciOiJodHRwOi8vd3d3LnczLm9yZy8yMDAxLzA0L3htbGRzaWctbW9yZSNobWFjLXNoYTI1NiIsInR5cCI6IkpXVCJ9.eyJVc2VySWQiOiIxIiwiVXNlck5hbWUiOiJ3Y3kiLCJSb2xlIjoiVXNlciIsIm5iZiI6MTcwODcwMzEwOSwiZXhwIjoxNzA4NzIxMTA5fQ.PsdBGwwf9umwvbor1cUqeZgiF-eZXfKLk5mN4H9hzcg - null null
[2024-02-23 23:49:00.361 +08:00  INF]  Request starting HTTP/2 OPTIONS https://localhost:5001/Friends/queryAll?userId=1 - null null
[2024-02-23 23:49:00.372 +08:00  INF]  CORS policy execution successful.
[2024-02-23 23:49:00.377 +08:00  INF]  CORS policy execution successful.
[2024-02-23 23:49:00.380 +08:00  INF]  Executing endpoint '/MyHub'
[2024-02-23 23:49:00.382 +08:00  INF]  Request finished HTTP/2 OPTIONS https://localhost:5001/Friends/queryAll?userId=1 - 204 null null 20.4963ms
[2024-02-23 23:49:00.392 +08:00  INF]  Request starting HTTP/2 GET https://localhost:5001/Friends/queryAll?userId=1 - null null
[2024-02-23 23:49:00.401 +08:00  INF]  CORS policy execution successful.
[2024-02-23 23:49:00.403 +08:00  INF]  Executing endpoint 'construct.Application.System.FontServices.Friends.FriendsController.QueryAll (ChatHubApi)'
[2024-02-23 23:49:00.406 +08:00  INF]  Route matched with {action = "QueryAll", controller = "Friends"}. Executing controller action with signature System.Threading.Tasks.Task`1[Microsoft.AspNetCore.Mvc.ActionResult] QueryAll(Int64) on controller construct.Application.System.FontServices.Friends.FriendsController (ChatHubApi).
[2024-02-23 23:49:00.424 +08:00  INF]  Request starting HTTP/2 OPTIONS https://localhost:5001/Message/offline?username=wcy - null null
[2024-02-23 23:49:00.426 +08:00  INF]  Executing OkObjectResult, writing value of type 'ChatHubApi.System.Response'.
[2024-02-23 23:49:00.431 +08:00  INF]  CORS policy execution successful.
[2024-02-23 23:49:00.434 +08:00  INF]  Executed action construct.Application.System.FontServices.Friends.FriendsController.QueryAll (ChatHubApi) in 21.7159ms
[2024-02-23 23:49:00.436 +08:00  INF]  Request finished HTTP/2 OPTIONS https://localhost:5001/Message/offline?username=wcy - 204 null null 12.5553ms
[2024-02-23 23:49:00.439 +08:00  INF]  Request starting HTTP/2 GET https://localhost:5001/Message/offline?username=wcy - null null
[2024-02-23 23:49:00.441 +08:00  INF]  Executed endpoint 'construct.Application.System.FontServices.Friends.FriendsController.QueryAll (ChatHubApi)'
[2024-02-23 23:49:00.453 +08:00  INF]  CORS policy execution successful.
[2024-02-23 23:49:00.455 +08:00  INF]  Request finished HTTP/2 GET https://localhost:5001/Friends/queryAll?userId=1 - 200 null application/json; charset=utf-8 63.4769ms
[2024-02-23 23:49:00.458 +08:00  INF]  Executing endpoint 'construct.Application.System.FontServices.Message.MessageController.offline (ChatHubApi)'
[2024-02-23 23:49:00.465 +08:00  INF]  Route matched with {action = "offline", controller = "Message"}. Executing controller action with signature System.Threading.Tasks.Task`1[Microsoft.AspNetCore.Mvc.IActionResult] offline(System.String) on controller construct.Application.System.FontServices.Message.MessageController (ChatHubApi).
[2024-02-23 23:49:00.478 +08:00  INF]  Executing OkObjectResult, writing value of type 'ChatHubApi.System.Response'.
[2024-02-23 23:49:00.481 +08:00  INF]  Executed action construct.Application.System.FontServices.Message.MessageController.offline (ChatHubApi) in 11.9292ms
[2024-02-23 23:49:00.484 +08:00  INF]  Executed endpoint 'construct.Application.System.FontServices.Message.MessageController.offline (ChatHubApi)'
[2024-02-23 23:49:00.486 +08:00  INF]  Request finished HTTP/2 GET https://localhost:5001/Message/offline?username=wcy - 200 null application/json; charset=utf-8 46.7978ms
[2024-02-23 23:49:53.204 +08:00  INF]  Request starting HTTP/2 OPTIONS https://localhost:5001/Friends/queryAll?userId=1 - null null
[2024-02-23 23:49:53.208 +08:00  INF]  CORS policy execution successful.
[2024-02-23 23:49:53.210 +08:00  INF]  Request finished HTTP/2 OPTIONS https://localhost:5001/Friends/queryAll?userId=1 - 204 null null 7.1094ms
[2024-02-23 23:49:53.214 +08:00  INF]  Request starting HTTP/2 GET https://localhost:5001/Friends/queryAll?userId=1 - null null
[2024-02-23 23:49:53.223 +08:00  INF]  CORS policy execution successful.
[2024-02-23 23:49:53.226 +08:00  INF]  Executing endpoint 'construct.Application.System.FontServices.Friends.FriendsController.QueryAll (ChatHubApi)'
[2024-02-23 23:49:53.228 +08:00  INF]  Route matched with {action = "QueryAll", controller = "Friends"}. Executing controller action with signature System.Threading.Tasks.Task`1[Microsoft.AspNetCore.Mvc.ActionResult] QueryAll(Int64) on controller construct.Application.System.FontServices.Friends.FriendsController (ChatHubApi).
[2024-02-23 23:49:53.246 +08:00  INF]  Executing OkObjectResult, writing value of type 'ChatHubApi.System.Response'.
[2024-02-23 23:49:53.249 +08:00  INF]  Executed action construct.Application.System.FontServices.Friends.FriendsController.QueryAll (ChatHubApi) in 18.0003ms
[2024-02-23 23:49:53.252 +08:00  INF]  Executed endpoint 'construct.Application.System.FontServices.Friends.FriendsController.QueryAll (ChatHubApi)'
[2024-02-23 23:49:53.255 +08:00  INF]  Request finished HTTP/2 GET https://localhost:5001/Friends/queryAll?userId=1 - 200 null application/json; charset=utf-8 42.2684ms
[2024-02-23 23:49:59.221 +08:00  INF]  Request starting HTTP/2 OPTIONS https://localhost:5001/Friends/queryAll?userId=1 - null null
[2024-02-23 23:49:59.226 +08:00  INF]  CORS policy execution successful.
[2024-02-23 23:49:59.227 +08:00  INF]  Request finished HTTP/2 OPTIONS https://localhost:5001/Friends/queryAll?userId=1 - 204 null null 6.4849ms
[2024-02-23 23:49:59.231 +08:00  INF]  Request starting HTTP/2 GET https://localhost:5001/Friends/queryAll?userId=1 - null null
[2024-02-23 23:49:59.238 +08:00  INF]  CORS policy execution successful.
[2024-02-23 23:49:59.241 +08:00  INF]  Executing endpoint 'construct.Application.System.FontServices.Friends.FriendsController.QueryAll (ChatHubApi)'
[2024-02-23 23:49:59.245 +08:00  INF]  Route matched with {action = "QueryAll", controller = "Friends"}. Executing controller action with signature System.Threading.Tasks.Task`1[Microsoft.AspNetCore.Mvc.ActionResult] QueryAll(Int64) on controller construct.Application.System.FontServices.Friends.FriendsController (ChatHubApi).
[2024-02-23 23:49:59.259 +08:00  INF]  Executing OkObjectResult, writing value of type 'ChatHubApi.System.Response'.
[2024-02-23 23:49:59.261 +08:00  INF]  Executed action construct.Application.System.FontServices.Friends.FriendsController.QueryAll (ChatHubApi) in 12.9094ms
[2024-02-23 23:49:59.265 +08:00  INF]  Executed endpoint 'construct.Application.System.FontServices.Friends.FriendsController.QueryAll (ChatHubApi)'
[2024-02-23 23:49:59.268 +08:00  INF]  Request finished HTTP/2 GET https://localhost:5001/Friends/queryAll?userId=1 - 200 null application/json; charset=utf-8 37.2035ms
[2024-02-23 23:50:56.707 +08:00  INF]  Executed endpoint '/MyHub'
[2024-02-23 23:50:56.707 +08:00  INF]  Executed endpoint '/MyHub'
[2024-02-23 23:50:56.711 +08:00  INF]  Request finished HTTP/1.1 GET https://localhost:5001/MyHub?access_token=eyJhbGciOiJodHRwOi8vd3d3LnczLm9yZy8yMDAxLzA0L3htbGRzaWctbW9yZSNobWFjLXNoYTI1NiIsInR5cCI6IkpXVCJ9.eyJVc2VySWQiOiIxIiwiVXNlck5hbWUiOiJ3Y3kiLCJSb2xlIjoiVXNlciIsIm5iZiI6MTcwODcwMzEwOSwiZXhwIjoxNzA4NzIxMTA5fQ.PsdBGwwf9umwvbor1cUqeZgiF-eZXfKLk5mN4H9hzcg - 101 null null 116349.3196ms
[2024-02-23 23:50:56.714 +08:00  INF]  Request finished HTTP/1.1 GET https://localhost:5001/MyHub?access_token=eyJhbGciOiJodHRwOi8vd3d3LnczLm9yZy8yMDAxLzA0L3htbGRzaWctbW9yZSNobWFjLXNoYTI1NiIsInR5cCI6IkpXVCJ9.eyJVc2VySWQiOiIxIiwiVXNlck5hbWUiOiJ3Y3kiLCJSb2xlIjoiVXNlciIsIm5iZiI6MTcwODcwMzEwOSwiZXhwIjoxNzA4NzIxMTA5fQ.PsdBGwwf9umwvbor1cUqeZgiF-eZXfKLk5mN4H9hzcg - 101 null null 214783.9745ms
[2024-02-23 23:50:57.576 +08:00  INF]  Request starting HTTP/1.1 GET https://localhost:5001/MyHub?access_token=eyJhbGciOiJodHRwOi8vd3d3LnczLm9yZy8yMDAxLzA0L3htbGRzaWctbW9yZSNobWFjLXNoYTI1NiIsInR5cCI6IkpXVCJ9.eyJVc2VySWQiOiIxIiwiVXNlck5hbWUiOiJ3Y3kiLCJSb2xlIjoiVXNlciIsIm5iZiI6MTcwODcwMzEwOSwiZXhwIjoxNzA4NzIxMTA5fQ.PsdBGwwf9umwvbor1cUqeZgiF-eZXfKLk5mN4H9hzcg - null null
[2024-02-23 23:50:57.581 +08:00  INF]  CORS policy execution successful.
[2024-02-23 23:50:57.583 +08:00  INF]  Executing endpoint '/MyHub'
[2024-02-23 23:50:57.666 +08:00  INF]  Request starting HTTP/2 OPTIONS https://localhost:5001/Message/offline?username=wcy - null null
[2024-02-23 23:50:57.672 +08:00  INF]  CORS policy execution successful.
[2024-02-23 23:50:57.675 +08:00  INF]  Request finished HTTP/2 OPTIONS https://localhost:5001/Message/offline?username=wcy - 204 null null 9.7193ms
[2024-02-23 23:50:57.679 +08:00  INF]  Request starting HTTP/2 GET https://localhost:5001/Message/offline?username=wcy - null null
[2024-02-23 23:50:57.692 +08:00  INF]  CORS policy execution successful.
[2024-02-23 23:50:57.694 +08:00  INF]  Executing endpoint 'construct.Application.System.FontServices.Message.MessageController.offline (ChatHubApi)'
[2024-02-23 23:50:57.697 +08:00  INF]  Route matched with {action = "offline", controller = "Message"}. Executing controller action with signature System.Threading.Tasks.Task`1[Microsoft.AspNetCore.Mvc.IActionResult] offline(System.String) on controller construct.Application.System.FontServices.Message.MessageController (ChatHubApi).
[2024-02-23 23:50:57.713 +08:00  INF]  Executing OkObjectResult, writing value of type 'ChatHubApi.System.Response'.
[2024-02-23 23:50:57.716 +08:00  INF]  Executed action construct.Application.System.FontServices.Message.MessageController.offline (ChatHubApi) in 15.2576ms
[2024-02-23 23:50:57.720 +08:00  INF]  Executed endpoint 'construct.Application.System.FontServices.Message.MessageController.offline (ChatHubApi)'
[2024-02-23 23:50:57.724 +08:00  INF]  Request finished HTTP/2 GET https://localhost:5001/Message/offline?username=wcy - 200 null application/json; charset=utf-8 44.6068ms
[2024-02-23 23:50:57.881 +08:00  INF]  Request starting HTTP/2 OPTIONS https://localhost:5001/Friends/queryAll?userId=1 - null null
[2024-02-23 23:50:57.885 +08:00  INF]  CORS policy execution successful.
[2024-02-23 23:50:57.887 +08:00  INF]  Request finished HTTP/2 OPTIONS https://localhost:5001/Friends/queryAll?userId=1 - 204 null null 6.8764ms
[2024-02-23 23:50:57.890 +08:00  INF]  Request starting HTTP/2 GET https://localhost:5001/Friends/queryAll?userId=1 - null null
[2024-02-23 23:50:57.898 +08:00  INF]  CORS policy execution successful.
[2024-02-23 23:50:57.901 +08:00  INF]  Executing endpoint 'construct.Application.System.FontServices.Friends.FriendsController.QueryAll (ChatHubApi)'
[2024-02-23 23:50:57.903 +08:00  INF]  Route matched with {action = "QueryAll", controller = "Friends"}. Executing controller action with signature System.Threading.Tasks.Task`1[Microsoft.AspNetCore.Mvc.ActionResult] QueryAll(Int64) on controller construct.Application.System.FontServices.Friends.FriendsController (ChatHubApi).
[2024-02-23 23:50:57.918 +08:00  INF]  Executing OkObjectResult, writing value of type 'ChatHubApi.System.Response'.
[2024-02-23 23:50:57.920 +08:00  INF]  Executed action construct.Application.System.FontServices.Friends.FriendsController.QueryAll (ChatHubApi) in 13.4771ms
[2024-02-23 23:50:57.923 +08:00  INF]  Executed endpoint 'construct.Application.System.FontServices.Friends.FriendsController.QueryAll (ChatHubApi)'
[2024-02-23 23:50:57.926 +08:00  INF]  Request finished HTTP/2 GET https://localhost:5001/Friends/queryAll?userId=1 - 200 null application/json; charset=utf-8 35.4956ms
[2024-02-23 23:56:52.804 +08:00  INF]  Request starting HTTP/2 OPTIONS https://localhost:5001/Friends/queryAll?userId=1 - null null
[2024-02-23 23:56:52.810 +08:00  INF]  CORS policy execution successful.
[2024-02-23 23:56:52.813 +08:00  INF]  Request finished HTTP/2 OPTIONS https://localhost:5001/Friends/queryAll?userId=1 - 204 null null 8.5623ms
[2024-02-23 23:56:52.817 +08:00  INF]  Request starting HTTP/2 GET https://localhost:5001/Friends/queryAll?userId=1 - null null
[2024-02-23 23:56:52.830 +08:00  INF]  CORS policy execution successful.
[2024-02-23 23:56:52.835 +08:00  INF]  Executing endpoint 'construct.Application.System.FontServices.Friends.FriendsController.QueryAll (ChatHubApi)'
[2024-02-23 23:56:52.838 +08:00  INF]  Route matched with {action = "QueryAll", controller = "Friends"}. Executing controller action with signature System.Threading.Tasks.Task`1[Microsoft.AspNetCore.Mvc.ActionResult] QueryAll(Int64) on controller construct.Application.System.FontServices.Friends.FriendsController (ChatHubApi).
[2024-02-23 23:56:52.871 +08:00  INF]  Executing OkObjectResult, writing value of type 'ChatHubApi.System.Response'.
[2024-02-23 23:56:52.874 +08:00  INF]  Executed action construct.Application.System.FontServices.Friends.FriendsController.QueryAll (ChatHubApi) in 30.9657ms
[2024-02-23 23:56:52.877 +08:00  INF]  Executed endpoint 'construct.Application.System.FontServices.Friends.FriendsController.QueryAll (ChatHubApi)'
[2024-02-23 23:56:52.879 +08:00  INF]  Request finished HTTP/2 GET https://localhost:5001/Friends/queryAll?userId=1 - 200 null application/json; charset=utf-8 62.7834ms
[2024-02-23 23:57:56.490 +08:00  INF]  Request starting HTTP/2 OPTIONS https://localhost:5001/Friends/queryAll?userId=1 - null null
[2024-02-23 23:57:56.494 +08:00  INF]  CORS policy execution successful.
[2024-02-23 23:57:56.497 +08:00  INF]  Request finished HTTP/2 OPTIONS https://localhost:5001/Friends/queryAll?userId=1 - 204 null null 6.6687ms
[2024-02-23 23:57:56.503 +08:00  INF]  Request starting HTTP/2 GET https://localhost:5001/Friends/queryAll?userId=1 - null null
[2024-02-23 23:57:56.510 +08:00  INF]  CORS policy execution successful.
[2024-02-23 23:57:56.512 +08:00  INF]  Executing endpoint 'construct.Application.System.FontServices.Friends.FriendsController.QueryAll (ChatHubApi)'
[2024-02-23 23:57:56.514 +08:00  INF]  Route matched with {action = "QueryAll", controller = "Friends"}. Executing controller action with signature System.Threading.Tasks.Task`1[Microsoft.AspNetCore.Mvc.ActionResult] QueryAll(Int64) on controller construct.Application.System.FontServices.Friends.FriendsController (ChatHubApi).
[2024-02-23 23:57:56.581 +08:00  INF]  Executing OkObjectResult, writing value of type 'ChatHubApi.System.Response'.
[2024-02-23 23:57:56.584 +08:00  INF]  Executed action construct.Application.System.FontServices.Friends.FriendsController.QueryAll (ChatHubApi) in 64.7622ms
[2024-02-23 23:57:56.587 +08:00  INF]  Executed endpoint 'construct.Application.System.FontServices.Friends.FriendsController.QueryAll (ChatHubApi)'
[2024-02-23 23:57:56.589 +08:00  INF]  Request finished HTTP/2 GET https://localhost:5001/Friends/queryAll?userId=1 - 200 null application/json; charset=utf-8 86.1782ms
[2024-02-23 23:58:54.283 +08:00  INF]  Executed endpoint '/MyHub'
[2024-02-23 23:58:54.285 +08:00  INF]  Request finished HTTP/1.1 GET https://localhost:5001/MyHub?access_token=eyJhbGciOiJodHRwOi8vd3d3LnczLm9yZy8yMDAxLzA0L3htbGRzaWctbW9yZSNobWFjLXNoYTI1NiIsInR5cCI6IkpXVCJ9.eyJVc2VySWQiOiIxIiwiVXNlck5hbWUiOiJ3Y3kiLCJSb2xlIjoiVXNlciIsIm5iZiI6MTcwODcwMzEwOSwiZXhwIjoxNzA4NzIxMTA5fQ.PsdBGwwf9umwvbor1cUqeZgiF-eZXfKLk5mN4H9hzcg - 101 null null 476709.8128ms
[2024-02-23 23:58:55.176 +08:00  INF]  Request starting HTTP/1.1 GET https://localhost:5001/MyHub?access_token=eyJhbGciOiJodHRwOi8vd3d3LnczLm9yZy8yMDAxLzA0L3htbGRzaWctbW9yZSNobWFjLXNoYTI1NiIsInR5cCI6IkpXVCJ9.eyJVc2VySWQiOiIxIiwiVXNlck5hbWUiOiJ3Y3kiLCJSb2xlIjoiVXNlciIsIm5iZiI6MTcwODcwMzEwOSwiZXhwIjoxNzA4NzIxMTA5fQ.PsdBGwwf9umwvbor1cUqeZgiF-eZXfKLk5mN4H9hzcg - null null
[2024-02-23 23:58:55.184 +08:00  INF]  CORS policy execution successful.
[2024-02-23 23:58:55.187 +08:00  INF]  Executing endpoint '/MyHub'
[2024-02-23 23:58:55.280 +08:00  INF]  Request starting HTTP/2 OPTIONS https://localhost:5001/Message/offline?username=wcy - null null
[2024-02-23 23:58:55.290 +08:00  INF]  CORS policy execution successful.
[2024-02-23 23:58:55.293 +08:00  INF]  Request finished HTTP/2 OPTIONS https://localhost:5001/Message/offline?username=wcy - 204 null null 12.4288ms
[2024-02-23 23:58:55.301 +08:00  INF]  Request starting HTTP/2 GET https://localhost:5001/Message/offline?username=wcy - null null
[2024-02-23 23:58:55.308 +08:00  INF]  CORS policy execution successful.
[2024-02-23 23:58:55.311 +08:00  INF]  Executing endpoint 'construct.Application.System.FontServices.Message.MessageController.offline (ChatHubApi)'
[2024-02-23 23:58:55.313 +08:00  INF]  Route matched with {action = "offline", controller = "Message"}. Executing controller action with signature System.Threading.Tasks.Task`1[Microsoft.AspNetCore.Mvc.IActionResult] offline(System.String) on controller construct.Application.System.FontServices.Message.MessageController (ChatHubApi).
[2024-02-23 23:58:55.353 +08:00  INF]  Executing OkObjectResult, writing value of type 'ChatHubApi.System.Response'.
[2024-02-23 23:58:55.356 +08:00  INF]  Executed action construct.Application.System.FontServices.Message.MessageController.offline (ChatHubApi) in 39.2809ms
[2024-02-23 23:58:55.359 +08:00  INF]  Executed endpoint 'construct.Application.System.FontServices.Message.MessageController.offline (ChatHubApi)'
[2024-02-23 23:58:55.368 +08:00  INF]  Request finished HTTP/2 GET https://localhost:5001/Message/offline?username=wcy - 200 null application/json; charset=utf-8 67.2458ms
[2024-02-23 23:58:55.493 +08:00  INF]  Request starting HTTP/2 OPTIONS https://localhost:5001/Friends/queryAll?userId=1 - null null
[2024-02-23 23:58:55.497 +08:00  INF]  CORS policy execution successful.
[2024-02-23 23:58:55.498 +08:00  INF]  Request finished HTTP/2 OPTIONS https://localhost:5001/Friends/queryAll?userId=1 - 204 null null 5.8155ms
[2024-02-23 23:58:55.501 +08:00  INF]  Request starting HTTP/2 GET https://localhost:5001/Friends/queryAll?userId=1 - null null
[2024-02-23 23:58:55.510 +08:00  INF]  CORS policy execution successful.
[2024-02-23 23:58:55.513 +08:00  INF]  Executing endpoint 'construct.Application.System.FontServices.Friends.FriendsController.QueryAll (ChatHubApi)'
[2024-02-23 23:58:55.517 +08:00  INF]  Route matched with {action = "QueryAll", controller = "Friends"}. Executing controller action with signature System.Threading.Tasks.Task`1[Microsoft.AspNetCore.Mvc.ActionResult] QueryAll(Int64) on controller construct.Application.System.FontServices.Friends.FriendsController (ChatHubApi).
[2024-02-23 23:58:55.530 +08:00  INF]  Executing OkObjectResult, writing value of type 'ChatHubApi.System.Response'.
[2024-02-23 23:58:55.534 +08:00  INF]  Executed action construct.Application.System.FontServices.Friends.FriendsController.QueryAll (ChatHubApi) in 13.29ms
[2024-02-23 23:58:55.537 +08:00  INF]  Executed endpoint 'construct.Application.System.FontServices.Friends.FriendsController.QueryAll (ChatHubApi)'
[2024-02-23 23:58:55.539 +08:00  INF]  Request finished HTTP/2 GET https://localhost:5001/Friends/queryAll?userId=1 - 200 null application/json; charset=utf-8 37.5031ms
[2024-02-23 23:59:59.481 +08:00  INF]  Request starting HTTP/2 OPTIONS https://localhost:5001/Friends/queryAll?userId=1 - null null
[2024-02-23 23:59:59.489 +08:00  INF]  CORS policy execution successful.
[2024-02-23 23:59:59.496 +08:00  INF]  Request finished HTTP/2 OPTIONS https://localhost:5001/Friends/queryAll?userId=1 - 204 null null 15.3279ms
[2024-02-23 23:59:59.502 +08:00  INF]  Request starting HTTP/2 GET https://localhost:5001/Friends/queryAll?userId=1 - null null
[2024-02-23 23:59:59.522 +08:00  INF]  CORS policy execution successful.
[2024-02-23 23:59:59.525 +08:00  INF]  Executing endpoint 'construct.Application.System.FontServices.Friends.FriendsController.QueryAll (ChatHubApi)'
[2024-02-23 23:59:59.530 +08:00  INF]  Route matched with {action = "QueryAll", controller = "Friends"}. Executing controller action with signature System.Threading.Tasks.Task`1[Microsoft.AspNetCore.Mvc.ActionResult] QueryAll(Int64) on controller construct.Application.System.FontServices.Friends.FriendsController (ChatHubApi).
[2024-02-23 23:59:59.583 +08:00  INF]  Executing OkObjectResult, writing value of type 'ChatHubApi.System.Response'.
[2024-02-23 23:59:59.588 +08:00  INF]  Executed action construct.Application.System.FontServices.Friends.FriendsController.QueryAll (ChatHubApi) in 47.3535ms
[2024-02-23 23:59:59.592 +08:00  INF]  Executed endpoint 'construct.Application.System.FontServices.Friends.FriendsController.QueryAll (ChatHubApi)'
[2024-02-23 23:59:59.595 +08:00  INF]  Request finished HTTP/2 GET https://localhost:5001/Friends/queryAll?userId=1 - 200 null application/json; charset=utf-8 93.3101ms
